#
# There is insufficient memory for the Java Runtime Environment to continue.
# Native memory allocation (malloc) failed to allocate 887936 bytes. Error detail: Chunk::new
# Possible reasons:
#   The system is out of physical RAM or swap space
#   This process is running with CompressedOops enabled, and the Java Heap may be blocking the growth of the native heap
# Possible solutions:
#   Reduce memory load on the system
#   Increase physical memory or swap space
#   Check if swap backing store is full
#   Decrease Java heap size (-Xmx/-Xms)
#   Decrease number of Java threads
#   Decrease Java thread stack sizes (-Xss)
#   Set larger code cache with -XX:ReservedCodeCacheSize=
#   JVM is running with Unscaled Compressed Oops mode in which the Java heap is
#     placed in the first 4GB address space. The Java Heap base address is the
#     maximum limit for the native heap growth. Please use -XX:HeapBaseMinAddress
#     to set the Java Heap base and to place the Java Heap above 4GB virtual address.
# This output file may be truncated or incomplete.
#
#  Out of Memory Error (arena.cpp:191), pid=8448, tid=24720
#
# JRE version: OpenJDK Runtime Environment Temurin-17.0.11+9 (17.0.11+9) (build 17.0.11+9)
# Java VM: OpenJDK 64-Bit Server VM Temurin-17.0.11+9 (17.0.11+9, mixed mode, tiered, compressed oops, compressed class ptrs, g1 gc, windows-amd64)
# No core dump will be written. Minidumps are not enabled by default on client versions of Windows
#

---------------  S U M M A R Y ------------

Command Line: -XX:MaxMetaspaceSize=512m --add-opens=java.base/java.util=ALL-UNNAMED --add-opens=java.base/java.lang=ALL-UNNAMED --add-opens=java.base/java.lang.invoke=ALL-UNNAMED --add-opens=java.prefs/java.util.prefs=ALL-UNNAMED --add-opens=java.base/java.nio.charset=ALL-UNNAMED --add-opens=java.base/java.net=ALL-UNNAMED --add-opens=java.base/java.util.concurrent.atomic=ALL-UNNAMED -Xmx2048m -Dfile.encoding=utf8 -Duser.country=GB -Duser.language=en -Duser.variant -javaagent:C:\Users\promise.okere\.gradle\wrapper\dists\gradle-8.6-all\3mbtmo166bl6vumsh5k2lkq5h\gradle-8.6\lib\agents\gradle-instrumentation-agent-8.6.jar org.gradle.launcher.daemon.bootstrap.GradleDaemon 8.6

Host: 12th Gen Intel(R) Core(TM) i5-1245U, 12 cores, 15G,  Windows 11 , 64 bit Build 22621 (10.0.22621.3527)
Time: Tue Jun 25 12:29:20 2024 W. Central Africa Standard Time elapsed time: 158.915590 seconds (0d 0h 2m 38s)

---------------  T H R E A D  ---------------

Current thread (0x000001c91c0b3590):  JavaThread "C2 CompilerThread0" daemon [_thread_in_native, id=24720, stack(0x00000067f2800000,0x00000067f2900000)]


Current CompileTask:
C2: 158915 11754       4       org.gradle.tooling.internal.provider.runner.ClientBuildEventGenerator::finished (128 bytes)

Stack: [0x00000067f2800000,0x00000067f2900000]
Native frames: (J=compiled Java code, j=interpreted, Vv=VM code, C=native code)
V  [jvm.dll+0x67d429]
V  [jvm.dll+0x834b7a]
V  [jvm.dll+0x83663e]
V  [jvm.dll+0x836ca3]
V  [jvm.dll+0x247dbf]
V  [jvm.dll+0xac534]
V  [jvm.dll+0xacb7c]
V  [jvm.dll+0x366647]
V  [jvm.dll+0x330bba]
V  [jvm.dll+0x33005a]
V  [jvm.dll+0x21a471]
V  [jvm.dll+0x2198b1]
V  [jvm.dll+0x1a534d]
V  [jvm.dll+0x2295cd]
V  [jvm.dll+0x22779c]
V  [jvm.dll+0x7e9d07]
V  [jvm.dll+0x7e410a]
V  [jvm.dll+0x67c315]
C  [ucrtbase.dll+0x29333]
C  [KERNEL32.DLL+0x1257d]
C  [ntdll.dll+0x5aa48]


---------------  P R O C E S S  ---------------

Threads class SMR info:
_java_thread_list=0x000001c925bb89a0, length=123, elements={
0x000001c9025a9080, 0x000001c91c082030, 0x000001c91c082bc0, 0x000001c91c0aef10,
0x000001c91c0af7e0, 0x000001c91c0b00b0, 0x000001c91c0b2990, 0x000001c91c0b3590,
0x000001c91c0b3ea0, 0x000001c91c0b6bc0, 0x000001c91c1f8cf0, 0x000001c91c2cf830,
0x000001c922032810, 0x000001c921d5a420, 0x000001c921d19a90, 0x000001c922b0f790,
0x000001c922b706b0, 0x000001c91c5906d0, 0x000001c9213272c0, 0x000001c922e9cf80,
0x000001c921ecf710, 0x000001c921ed0640, 0x000001c921ed0130, 0x000001c921ed1570,
0x000001c921ed0b50, 0x000001c921ececf0, 0x000001c921ed1060, 0x000001c921ed1a80,
0x000001c921ece7e0, 0x000001c921ecf200, 0x000001c921675290, 0x000001c92167a390,
0x000001c921679970, 0x000001c9216757a0, 0x000001c921677600, 0x000001c921679e80,
0x000001c921678a40, 0x000001c92167b2c0, 0x000001c921674d80, 0x000001c9216770f0,
0x000001c921678f50, 0x000001c9216766d0, 0x000001c921676be0, 0x000001c921748540,
0x000001c9217461d0, 0x000001c921748a50, 0x000001c9217452a0, 0x000001c921747610,
0x000001c921748f60, 0x000001c921749470, 0x000001c921747b20, 0x000001c921743440,
0x000001c921747100, 0x000001c9217457b0, 0x000001c921745cc0, 0x000001c921744880,
0x000001c921742000, 0x000001c9217466e0, 0x000001c921742a20, 0x000001c9259a79c0,
0x000001c9259a6a90, 0x000001c921ed1f90, 0x000001c921744d90, 0x000001c924081a80,
0x000001c924fea070, 0x000001c9240829b0, 0x000001c926e2d790, 0x000001c924081060,
0x000001c9259a74b0, 0x000001c9259a6070, 0x000001c9259a6fa0, 0x000001c9259a6580,
0x000001c924e16500, 0x000001c924e197a0, 0x000001c924e17e50, 0x000001c924e19290,
0x000001c924e17940, 0x000001c924e15ff0, 0x000001c924e16a10, 0x000001c925527fd0,
0x000001c9223cb330, 0x000001c9223cae20, 0x000001c9223cb840, 0x000001c9223c9ef0,
0x000001c9223ca400, 0x000001c9223ca910, 0x000001c9259a32d0, 0x000001c9259a37e0,
0x000001c9259a23a0, 0x000001c9259a0a50, 0x000001c9259a2dc0, 0x000001c9259a0030,
0x000001c9259a0540, 0x000001c9259a0f60, 0x000001c9259a1470, 0x000001c9259a1e90,
0x000001c9259a1980, 0x000001c9259a28b0, 0x000001c925d3c1f0, 0x000001c925d3f490,
0x000001c925d3c700, 0x000001c925d3db40, 0x000001c9255284e0, 0x000001c9255289f0,
0x000001c924e18360, 0x000001c92271cdf0, 0x000001c92271d810, 0x000001c92271e740,
0x000001c92271d300, 0x000001c924081f90, 0x000001c925ee58c0, 0x000001c925ee4990,
0x000001c925ee62e0, 0x000001c925ee4ea0, 0x000001c925ee53b0, 0x000001c925ee5dd0,
0x000001c9240824a0, 0x000001c926246040, 0x000001c926246550, 0x000001c926247ea0,
0x000001c9262483b0, 0x000001c924f96890, 0x000001c924f29300
}

Java Threads: ( => current thread )
  0x000001c9025a9080 JavaThread "main" [_thread_blocked, id=31420, stack(0x00000067f1b00000,0x00000067f1c00000)]
  0x000001c91c082030 JavaThread "Reference Handler" daemon [_thread_blocked, id=31576, stack(0x00000067f2200000,0x00000067f2300000)]
  0x000001c91c082bc0 JavaThread "Finalizer" daemon [_thread_blocked, id=2848, stack(0x00000067f2300000,0x00000067f2400000)]
  0x000001c91c0aef10 JavaThread "Signal Dispatcher" daemon [_thread_blocked, id=14804, stack(0x00000067f2400000,0x00000067f2500000)]
  0x000001c91c0af7e0 JavaThread "Attach Listener" daemon [_thread_blocked, id=22052, stack(0x00000067f2500000,0x00000067f2600000)]
  0x000001c91c0b00b0 JavaThread "Service Thread" daemon [_thread_blocked, id=31160, stack(0x00000067f2600000,0x00000067f2700000)]
  0x000001c91c0b2990 JavaThread "Monitor Deflation Thread" daemon [_thread_blocked, id=27004, stack(0x00000067f2700000,0x00000067f2800000)]
=>0x000001c91c0b3590 JavaThread "C2 CompilerThread0" daemon [_thread_in_native, id=24720, stack(0x00000067f2800000,0x00000067f2900000)]
  0x000001c91c0b3ea0 JavaThread "C1 CompilerThread0" daemon [_thread_blocked, id=24540, stack(0x00000067f2900000,0x00000067f2a00000)]
  0x000001c91c0b6bc0 JavaThread "Sweeper thread" daemon [_thread_blocked, id=13780, stack(0x00000067f2a00000,0x00000067f2b00000)]
  0x000001c91c1f8cf0 JavaThread "Common-Cleaner" daemon [_thread_blocked, id=15944, stack(0x00000067f2b00000,0x00000067f2c00000)]
  0x000001c91c2cf830 JavaThread "Notification Thread" daemon [_thread_blocked, id=16352, stack(0x00000067f2c00000,0x00000067f2d00000)]
  0x000001c922032810 JavaThread "Daemon health stats" [_thread_blocked, id=36064, stack(0x00000067f3500000,0x00000067f3600000)]
  0x000001c921d5a420 JavaThread "Incoming local TCP Connector on port 50091" [_thread_in_native, id=15456, stack(0x00000067f3600000,0x00000067f3700000)]
  0x000001c921d19a90 JavaThread "Daemon periodic checks" [_thread_blocked, id=8572, stack(0x00000067f3700000,0x00000067f3800000)]
  0x000001c922b0f790 JavaThread "Daemon" [_thread_blocked, id=18196, stack(0x00000067f3800000,0x00000067f3900000)]
  0x000001c922b706b0 JavaThread "Handler for socket connection from /127.0.0.1:50091 to /127.0.0.1:50092" [_thread_in_native, id=19684, stack(0x00000067f3900000,0x00000067f3a00000)]
  0x000001c91c5906d0 JavaThread "Cancel handler" [_thread_blocked, id=27376, stack(0x00000067f2f00000,0x00000067f3000000)]
  0x000001c9213272c0 JavaThread "Daemon worker" [_thread_in_vm, id=22684, stack(0x00000067f3a00000,0x00000067f3b00000)]
  0x000001c922e9cf80 JavaThread "Asynchronous log dispatcher for DefaultDaemonConnection: socket connection from /127.0.0.1:50091 to /127.0.0.1:50092" [_thread_blocked, id=21652, stack(0x00000067f3b00000,0x00000067f3c00000)]
  0x000001c921ecf710 JavaThread "Daemon client event forwarder" [_thread_blocked, id=16700, stack(0x00000067f3d00000,0x00000067f3e00000)]
  0x000001c921ed0640 JavaThread "Cache worker for journal cache (C:\Users\promise.okere\.gradle\caches\journal-1)" [_thread_blocked, id=23780, stack(0x00000067f2e00000,0x00000067f2f00000)]
  0x000001c921ed0130 JavaThread "File lock request listener" [_thread_in_native, id=1804, stack(0x00000067f4400000,0x00000067f4500000)]
  0x000001c921ed1570 JavaThread "Cache worker for file hash cache (C:\Users\promise.okere\.gradle\caches\8.6\fileHashes)" [_thread_blocked, id=2180, stack(0x00000067f4500000,0x00000067f4600000)]
  0x000001c921ed0b50 JavaThread "File watcher server" daemon [_thread_in_native, id=36368, stack(0x00000067f4800000,0x00000067f4900000)]
  0x000001c921ececf0 JavaThread "File watcher consumer" daemon [_thread_blocked, id=30472, stack(0x00000067f4900000,0x00000067f4a00000)]
  0x000001c921ed1060 JavaThread "jar transforms" [_thread_blocked, id=22304, stack(0x00000067f4a00000,0x00000067f4b00000)]
  0x000001c921ed1a80 JavaThread "jar transforms Thread 2" [_thread_blocked, id=34432, stack(0x00000067f4b00000,0x00000067f4c00000)]
  0x000001c921ece7e0 JavaThread "jar transforms Thread 3" [_thread_blocked, id=12912, stack(0x00000067f4c00000,0x00000067f4d00000)]
  0x000001c921ecf200 JavaThread "Cache worker for checksums cache (C:\Users\promise.okere\OneDrive - Interswitch Limited\Documents\INTERSWITCH\FY 24\BSP PROJECT\CODES\FINAL CODE\V 1.1\BSP App\BSP App\android\.gradle\8.6\checksums)" [_thread_blocked, id=22240, stack(0x00000067f4600000,0x00000067f4700000)]
  0x000001c921675290 JavaThread "Cache worker for file hash cache (C:\Users\promise.okere\OneDrive - Interswitch Limited\Documents\INTERSWITCH\FY 24\BSP PROJECT\CODES\FINAL CODE\V 1.1\BSP App\BSP App\android\.gradle\8.6\fileHashes)" [_thread_blocked, id=12380, stack(0x00000067f4e00000,0x00000067f4f00000)]
  0x000001c92167a390 JavaThread "Cache worker for cache directory md-supplier (C:\Users\promise.okere\.gradle\caches\8.6\md-supplier)" [_thread_blocked, id=38856, stack(0x00000067f4f00000,0x00000067f5000000)]
  0x000001c921679970 JavaThread "Cache worker for cache directory md-rule (C:\Users\promise.okere\.gradle\caches\8.6\md-rule)" [_thread_blocked, id=37324, stack(0x00000067f5000000,0x00000067f5100000)]
  0x000001c9216757a0 JavaThread "Cache worker for file content cache (C:\Users\promise.okere\.gradle\caches\8.6\fileContent)" [_thread_blocked, id=33692, stack(0x00000067f5100000,0x00000067f5200000)]
  0x000001c921677600 JavaThread "jar transforms Thread 4" [_thread_blocked, id=25520, stack(0x00000067f5200000,0x00000067f5300000)]
  0x000001c921679e80 JavaThread "jar transforms Thread 5" [_thread_blocked, id=20092, stack(0x00000067f5300000,0x00000067f5400000)]
  0x000001c921678a40 JavaThread "jar transforms Thread 6" [_thread_blocked, id=35012, stack(0x00000067f5400000,0x00000067f5500000)]
  0x000001c92167b2c0 JavaThread "jar transforms Thread 7" [_thread_blocked, id=16172, stack(0x00000067f5500000,0x00000067f5600000)]
  0x000001c921674d80 JavaThread "jar transforms Thread 8" [_thread_blocked, id=38480, stack(0x00000067f5600000,0x00000067f5700000)]
  0x000001c9216770f0 JavaThread "jar transforms Thread 9" [_thread_blocked, id=13908, stack(0x00000067f4d00000,0x00000067f4e00000)]
  0x000001c921678f50 JavaThread "jar transforms Thread 10" [_thread_blocked, id=36412, stack(0x00000067f5700000,0x00000067f5800000)]
  0x000001c9216766d0 JavaThread "jar transforms Thread 11" [_thread_blocked, id=3440, stack(0x00000067f5800000,0x00000067f5900000)]
  0x000001c921676be0 JavaThread "jar transforms Thread 12" [_thread_blocked, id=19856, stack(0x00000067f4700000,0x00000067f4800000)]
  0x000001c921748540 JavaThread "Unconstrained build operations" [_thread_blocked, id=38692, stack(0x00000067f5d00000,0x00000067f5e00000)]
  0x000001c9217461d0 JavaThread "Unconstrained build operations Thread 2" [_thread_blocked, id=6832, stack(0x00000067f5e00000,0x00000067f5f00000)]
  0x000001c921748a50 JavaThread "Cache worker for Build Output Cleanup Cache (C:\Users\promise.okere\OneDrive - Interswitch Limited\Documents\INTERSWITCH\FY 24\BSP PROJECT\CODES\FINAL CODE\V 1.1\BSP App\BSP App\node_modules\@react-native\gradle-plugin\.gradle\buildOutputCleanup)" [_thread_blocked, id=26228, stack(0x00000067f5f00000,0x00000067f6000000)]
  0x000001c9217452a0 JavaThread "Unconstrained build operations Thread 3" [_thread_blocked, id=24100, stack(0x00000067f3c00000,0x00000067f3d00000)]
  0x000001c921747610 JavaThread "Unconstrained build operations Thread 4" [_thread_blocked, id=2060, stack(0x00000067f6000000,0x00000067f6100000)]
  0x000001c921748f60 JavaThread "Unconstrained build operations Thread 5" [_thread_blocked, id=36436, stack(0x00000067f6100000,0x00000067f6200000)]
  0x000001c921749470 JavaThread "Unconstrained build operations Thread 6" [_thread_blocked, id=23596, stack(0x00000067f6200000,0x00000067f6300000)]
  0x000001c921747b20 JavaThread "Unconstrained build operations Thread 7" [_thread_blocked, id=2224, stack(0x00000067f6300000,0x00000067f6400000)]
  0x000001c921743440 JavaThread "Unconstrained build operations Thread 8" [_thread_blocked, id=4928, stack(0x00000067f6400000,0x00000067f6500000)]
  0x000001c921747100 JavaThread "Unconstrained build operations Thread 9" [_thread_blocked, id=36204, stack(0x00000067f6500000,0x00000067f6600000)]
  0x000001c9217457b0 JavaThread "Unconstrained build operations Thread 10" [_thread_blocked, id=2616, stack(0x00000067f6600000,0x00000067f6700000)]
  0x000001c921745cc0 JavaThread "Unconstrained build operations Thread 11" [_thread_blocked, id=25448, stack(0x00000067f6700000,0x00000067f6800000)]
  0x000001c921744880 JavaThread "Unconstrained build operations Thread 12" [_thread_blocked, id=35240, stack(0x00000067f6800000,0x00000067f6900000)]
  0x000001c921742000 JavaThread "Unconstrained build operations Thread 13" [_thread_blocked, id=2580, stack(0x00000067f6900000,0x00000067f6a00000)]
  0x000001c9217466e0 JavaThread "build event listener" [_thread_blocked, id=4876, stack(0x00000067f5900000,0x00000067f5a00000)]
  0x000001c921742a20 JavaThread "Memory manager" [_thread_blocked, id=40332, stack(0x00000067f6a00000,0x00000067f6b00000)]
  0x000001c9259a79c0 JavaThread "Cache worker for Build Output Cleanup Cache (C:\Users\promise.okere\OneDrive - Interswitch Limited\Documents\INTERSWITCH\FY 24\BSP PROJECT\CODES\FINAL CODE\V 1.1\BSP App\BSP App\android\.gradle\buildOutputCleanup)" [_thread_blocked, id=4788, stack(0x00000067f6b00000,0x00000067f6c00000)]
  0x000001c9259a6a90 JavaThread "ForkJoinPool.commonPool-worker-1" daemon [_thread_blocked, id=29408, stack(0x00000067f6d00000,0x00000067f6e00000)]
  0x000001c921ed1f90 JavaThread "ForkJoinPool.commonPool-worker-2" daemon [_thread_blocked, id=21560, stack(0x00000067f6e00000,0x00000067f6f00000)]
  0x000001c921744d90 JavaThread "ForkJoinPool.commonPool-worker-3" daemon [_thread_blocked, id=26856, stack(0x00000067f6f00000,0x00000067f7000000)]
  0x000001c924081a80 JavaThread "ForkJoinPool.commonPool-worker-4" daemon [_thread_blocked, id=17472, stack(0x00000067f7000000,0x00000067f7100000)]
  0x000001c924fea070 JavaThread "ForkJoinPool.commonPool-worker-5" daemon [_thread_blocked, id=2968, stack(0x00000067f7100000,0x00000067f7200000)]
  0x000001c9240829b0 JavaThread "ForkJoinPool.commonPool-worker-7" daemon [_thread_blocked, id=39144, stack(0x00000067f7300000,0x00000067f7400000)]
  0x000001c926e2d790 JavaThread "ForkJoinPool.commonPool-worker-8" daemon [_thread_blocked, id=24484, stack(0x00000067f7400000,0x00000067f7500000)]
  0x000001c924081060 JavaThread "included builds" [_thread_blocked, id=38232, stack(0x00000067f7500000,0x00000067f7600000)]
  0x000001c9259a74b0 JavaThread "Execution worker" [_thread_blocked, id=31700, stack(0x00000067f7600000,0x00000067f7700000)]
  0x000001c9259a6070 JavaThread "Execution worker Thread 2" [_thread_blocked, id=38600, stack(0x00000067f7700000,0x00000067f7800000)]
  0x000001c9259a6fa0 JavaThread "Execution worker Thread 3" [_thread_blocked, id=32560, stack(0x00000067f7800000,0x00000067f7900000)]
  0x000001c9259a6580 JavaThread "Execution worker Thread 4" [_thread_blocked, id=29652, stack(0x00000067f7900000,0x00000067f7a00000)]
  0x000001c924e16500 JavaThread "Execution worker Thread 5" [_thread_blocked, id=3248, stack(0x00000067f7a00000,0x00000067f7b00000)]
  0x000001c924e197a0 JavaThread "Execution worker Thread 6" [_thread_blocked, id=23492, stack(0x00000067f7b00000,0x00000067f7c00000)]
  0x000001c924e17e50 JavaThread "Execution worker Thread 7" [_thread_blocked, id=40720, stack(0x00000067f7c00000,0x00000067f7d00000)]
  0x000001c924e19290 JavaThread "Execution worker Thread 8" [_thread_blocked, id=13624, stack(0x00000067f7d00000,0x00000067f7e00000)]
  0x000001c924e17940 JavaThread "Execution worker Thread 9" [_thread_blocked, id=19072, stack(0x00000067f7e00000,0x00000067f7f00000)]
  0x000001c924e15ff0 JavaThread "Execution worker Thread 10" [_thread_blocked, id=29780, stack(0x00000067f7f00000,0x00000067f8000000)]
  0x000001c924e16a10 JavaThread "Execution worker Thread 11" [_thread_blocked, id=23684, stack(0x00000067f8000000,0x00000067f8100000)]
  0x000001c925527fd0 JavaThread "Cache worker for execution history cache (C:\Users\promise.okere\OneDrive - Interswitch Limited\Documents\INTERSWITCH\FY 24\BSP PROJECT\CODES\FINAL CODE\V 1.1\BSP App\BSP App\node_modules\@react-native\gradle-plugin\.gradle\8.6\executionHistory)" [_thread_blocked, id=30260, stack(0x00000067f6c00000,0x00000067f6d00000)]
  0x000001c9223cb330 JavaThread "Unconstrained build operations Thread 14" [_thread_blocked, id=32984, stack(0x00000067f1a00000,0x00000067f1b00000)]
  0x000001c9223cae20 JavaThread "Unconstrained build operations Thread 15" [_thread_blocked, id=34796, stack(0x00000067f8100000,0x00000067f8200000)]
  0x000001c9223cb840 JavaThread "Unconstrained build operations Thread 16" [_thread_blocked, id=2748, stack(0x00000067f8200000,0x00000067f8300000)]
  0x000001c9223c9ef0 JavaThread "Unconstrained build operations Thread 17" [_thread_blocked, id=3968, stack(0x00000067f8300000,0x00000067f8400000)]
  0x000001c9223ca400 JavaThread "Unconstrained build operations Thread 18" [_thread_blocked, id=29248, stack(0x00000067f8400000,0x00000067f8500000)]
  0x000001c9223ca910 JavaThread "Unconstrained build operations Thread 19" [_thread_blocked, id=4188, stack(0x00000067f8500000,0x00000067f8600000)]
  0x000001c9259a32d0 JavaThread "Unconstrained build operations Thread 20" [_thread_blocked, id=21924, stack(0x00000067f8600000,0x00000067f8700000)]
  0x000001c9259a37e0 JavaThread "Unconstrained build operations Thread 21" [_thread_blocked, id=37936, stack(0x00000067f8700000,0x00000067f8800000)]
  0x000001c9259a23a0 JavaThread "Unconstrained build operations Thread 22" [_thread_blocked, id=5484, stack(0x00000067f8800000,0x00000067f8900000)]
  0x000001c9259a0a50 JavaThread "Unconstrained build operations Thread 23" [_thread_blocked, id=40524, stack(0x00000067f8900000,0x00000067f8a00000)]
  0x000001c9259a2dc0 JavaThread "Unconstrained build operations Thread 24" [_thread_blocked, id=30920, stack(0x00000067f8a00000,0x00000067f8b00000)]
  0x000001c9259a0030 JavaThread "Unconstrained build operations Thread 25" [_thread_blocked, id=21168, stack(0x00000067f8b00000,0x00000067f8c00000)]
  0x000001c9259a0540 JavaThread "Unconstrained build operations Thread 26" [_thread_blocked, id=24368, stack(0x00000067f8c00000,0x00000067f8d00000)]
  0x000001c9259a0f60 JavaThread "Unconstrained build operations Thread 27" [_thread_blocked, id=35416, stack(0x00000067f8d00000,0x00000067f8e00000)]
  0x000001c9259a1470 JavaThread "Unconstrained build operations Thread 28" [_thread_blocked, id=16276, stack(0x00000067f8e00000,0x00000067f8f00000)]
  0x000001c9259a1e90 JavaThread "Unconstrained build operations Thread 29" [_thread_blocked, id=27160, stack(0x00000067f8f00000,0x00000067f9000000)]
  0x000001c9259a1980 JavaThread "Unconstrained build operations Thread 30" [_thread_blocked, id=34792, stack(0x00000067f9000000,0x00000067f9100000)]
  0x000001c9259a28b0 JavaThread "Unconstrained build operations Thread 31" [_thread_blocked, id=30252, stack(0x00000067f9100000,0x00000067f9200000)]
  0x000001c925d3c1f0 JavaThread "Unconstrained build operations Thread 32" [_thread_blocked, id=27492, stack(0x00000067f9200000,0x00000067f9300000)]
  0x000001c925d3f490 JavaThread "Unconstrained build operations Thread 33" [_thread_blocked, id=24812, stack(0x00000067f9300000,0x00000067f9400000)]
  0x000001c925d3c700 JavaThread "Unconstrained build operations Thread 34" [_thread_blocked, id=35964, stack(0x00000067f9400000,0x00000067f9500000)]
  0x000001c925d3db40 JavaThread "Unconstrained build operations Thread 35" [_thread_blocked, id=28824, stack(0x00000067f9500000,0x00000067f9600000)]
  0x000001c9255284e0 JavaThread "Unconstrained build operations Thread 36" [_thread_blocked, id=5912, stack(0x00000067f9700000,0x00000067f9800000)]
  0x000001c9255289f0 JavaThread "Unconstrained build operations Thread 37" [_thread_blocked, id=32564, stack(0x00000067f9800000,0x00000067f9900000)]
  0x000001c924e18360 JavaThread "WorkerExecutor Queue" [_thread_blocked, id=34508, stack(0x00000067f9900000,0x00000067f9a00000)]
  0x000001c92271cdf0 JavaThread "RMI Scheduler(0)" daemon [_thread_blocked, id=16632, stack(0x00000067f9600000,0x00000067f9700000)]
  0x000001c92271d810 JavaThread "RMI GC Daemon" daemon [_thread_blocked, id=37340, stack(0x00000067f9b00000,0x00000067f9c00000)]
  0x000001c92271e740 JavaThread "RMI TCP Accept-0" daemon [_thread_in_native, id=25420, stack(0x00000067f9c00000,0x00000067f9d00000)]
  0x000001c92271d300 JavaThread "RMI Reaper" [_thread_blocked, id=35480, stack(0x00000067f9d00000,0x00000067f9e00000)]
  0x000001c924081f90 JavaThread "RMI TCP Connection(idle)" daemon [_thread_blocked, id=27732, stack(0x00000067f9e00000,0x00000067f9f00000)]
  0x000001c925ee58c0 JavaThread "Unconstrained build operations Thread 38" [_thread_blocked, id=19844, stack(0x00000067f9f00000,0x00000067fa000000)]
  0x000001c925ee4990 JavaThread "Unconstrained build operations Thread 39" [_thread_blocked, id=25100, stack(0x00000067fa000000,0x00000067fa100000)]
  0x000001c925ee62e0 JavaThread "Unconstrained build operations Thread 40" [_thread_blocked, id=2752, stack(0x00000067fa100000,0x00000067fa200000)]
  0x000001c925ee4ea0 JavaThread "Unconstrained build operations Thread 41" [_thread_blocked, id=33208, stack(0x00000067fa200000,0x00000067fa300000)]
  0x000001c925ee53b0 JavaThread "Unconstrained build operations Thread 42" [_thread_blocked, id=29272, stack(0x00000067fa300000,0x00000067fa400000)]
  0x000001c925ee5dd0 JavaThread "Unconstrained build operations Thread 43" [_thread_blocked, id=14936, stack(0x00000067fa400000,0x00000067fa500000)]
  0x000001c9240824a0 JavaThread "Unconstrained build operations Thread 44" [_thread_blocked, id=29040, stack(0x00000067fa500000,0x00000067fa600000)]
  0x000001c926246040 JavaThread "Unconstrained build operations Thread 45" [_thread_blocked, id=18856, stack(0x00000067fa600000,0x00000067fa700000)]
  0x000001c926246550 JavaThread "Unconstrained build operations Thread 46" [_thread_blocked, id=33148, stack(0x00000067fa700000,0x00000067fa800000)]
  0x000001c926247ea0 JavaThread "Unconstrained build operations Thread 47" [_thread_blocked, id=28552, stack(0x00000067fa800000,0x00000067fa900000)]
  0x000001c9262483b0 JavaThread "Unconstrained build operations Thread 48" [_thread_blocked, id=32944, stack(0x00000067fa900000,0x00000067faa00000)]
  0x000001c924f96890 JavaThread "C2 CompilerThread1" daemon [_thread_in_native, id=38768, stack(0x00000067f5a00000,0x00000067f5b00000)]
  0x000001c924f29300 JavaThread "build event listener" [_thread_blocked, id=23692, stack(0x00000067f5b00000,0x00000067f5c00000)]

Other Threads:
  0x000001c91c03a860 VMThread "VM Thread" [stack: 0x00000067f2100000,0x00000067f2200000] [id=27236] _threads_hazard_ptr=0x000001c925bb89a0
  0x000001c91c296360 WatcherThread [stack: 0x00000067f2d00000,0x00000067f2e00000] [id=21852]
  0x000001c919337140 GCTaskThread "GC Thread#0" [stack: 0x00000067f1c00000,0x00000067f1d00000] [id=31352]
  0x000001c91c653a30 GCTaskThread "GC Thread#1" [stack: 0x00000067f3000000,0x00000067f3100000] [id=31168]
  0x000001c91c644a40 GCTaskThread "GC Thread#2" [stack: 0x00000067f3100000,0x00000067f3200000] [id=2592]
  0x000001c91c644d00 GCTaskThread "GC Thread#3" [stack: 0x00000067f3200000,0x00000067f3300000] [id=16616]
  0x000001c91c79f4f0 GCTaskThread "GC Thread#4" [stack: 0x00000067f3300000,0x00000067f3400000] [id=23824]
  0x000001c91c79f7b0 GCTaskThread "GC Thread#5" [stack: 0x00000067f3400000,0x00000067f3500000] [id=37468]
  0x000001c91c79fff0 GCTaskThread "GC Thread#6" [stack: 0x00000067f3e00000,0x00000067f3f00000] [id=39924]
  0x000001c91c7a02b0 GCTaskThread "GC Thread#7" [stack: 0x00000067f3f00000,0x00000067f4000000] [id=23964]
  0x000001c91c79e730 GCTaskThread "GC Thread#8" [stack: 0x00000067f4000000,0x00000067f4100000] [id=27576]
  0x000001c91c79e9f0 GCTaskThread "GC Thread#9" [stack: 0x00000067f4100000,0x00000067f4200000] [id=21480]
  0x000001c919347ea0 ConcurrentGCThread "G1 Main Marker" [stack: 0x00000067f1d00000,0x00000067f1e00000] [id=27084]
  0x000001c9193486d0 ConcurrentGCThread "G1 Conc#0" [stack: 0x00000067f1e00000,0x00000067f1f00000] [id=19340]
  0x000001c91c79ecb0 ConcurrentGCThread "G1 Conc#1" [stack: 0x00000067f4200000,0x00000067f4300000] [id=22780]
  0x000001c91c79ef70 ConcurrentGCThread "G1 Conc#2" [stack: 0x00000067f4300000,0x00000067f4400000] [id=15908]
  0x000001c919435a40 ConcurrentGCThread "G1 Refine#0" [stack: 0x00000067f1f00000,0x00000067f2000000] [id=9476]
  0x000001c919436280 ConcurrentGCThread "G1 Service" [stack: 0x00000067f2000000,0x00000067f2100000] [id=33820]

Threads with active compile tasks:
C2 CompilerThread0   159692 11754       4       org.gradle.tooling.internal.provider.runner.ClientBuildEventGenerator::finished (128 bytes)
C2 CompilerThread1   159692 11600       4       org.objectweb.asm.ClassReader::readCode (5117 bytes)

VM state: synchronizing (normal execution)

VM Mutex/Monitor currently owned by a thread:  ([mutex/lock_event])
[0x000001c9025a5980] Metaspace_lock - owner thread: 0x000001c9213272c0
[0x000001c9025a5080] Threads_lock - owner thread: 0x000001c91c03a860

Heap address: 0x0000000080000000, size: 2048 MB, Compressed Oops mode: 32-bit

CDS archive(s) not mapped
Compressed class space mapped at: 0x0000000100000000-0x000000011a000000, reserved size: 436207616
Narrow klass base: 0x0000000000000000, Narrow klass shift: 3, Narrow klass range: 0x11a000000

GC Precious Log:
 CPUs: 12 total, 12 available
 Memory: 16049M
 Large Page Support: Disabled
 NUMA Support: Disabled
 Compressed Oops: Enabled (32-bit)
 Heap Region Size: 1M
 Heap Min Capacity: 8M
 Heap Initial Capacity: 252M
 Heap Max Capacity: 2G
 Pre-touch: Disabled
 Parallel Workers: 10
 Concurrent Workers: 3
 Concurrent Refinement Workers: 10
 Periodic GC: Disabled

Heap:
 garbage-first heap   total 232448K, used 119058K [0x0000000080000000, 0x0000000100000000)
  region size 1024K, 20 young (20480K), 4 survivors (4096K)
 Metaspace       used 98463K, committed 99456K, reserved 557056K
  class space    used 13604K, committed 14080K, reserved 425984K

Heap Regions: E=young(eden), S=young(survivor), O=old, HS=humongous(starts), HC=humongous(continues), CS=collection set, F=free, OA=open archive, CA=closed archive, TAMS=top-at-mark-start (previous, next)
|   0|0x0000000080000000, 0x0000000080100000, 0x0000000080100000|100%|HS|  |TAMS 0x0000000080100000, 0x0000000080000000| Complete 
|   1|0x0000000080100000, 0x0000000080200000, 0x0000000080200000|100%|HC|  |TAMS 0x0000000080200000, 0x0000000080100000| Complete 
|   2|0x0000000080200000, 0x0000000080300000, 0x0000000080300000|100%|HC|  |TAMS 0x0000000080300000, 0x0000000080200000| Complete 
|   3|0x0000000080300000, 0x0000000080400000, 0x0000000080400000|100%|HC|  |TAMS 0x0000000080400000, 0x0000000080300000| Complete 
|   4|0x0000000080400000, 0x0000000080500000, 0x0000000080500000|100%| O|  |TAMS 0x0000000080500000, 0x0000000080400000| Untracked 
|   5|0x0000000080500000, 0x0000000080600000, 0x0000000080600000|100%| O|  |TAMS 0x0000000080600000, 0x0000000080500000| Untracked 
|   6|0x0000000080600000, 0x0000000080700000, 0x0000000080700000|100%| O|  |TAMS 0x0000000080700000, 0x0000000080600000| Untracked 
|   7|0x0000000080700000, 0x0000000080800000, 0x0000000080800000|100%| O|  |TAMS 0x0000000080800000, 0x0000000080700000| Untracked 
|   8|0x0000000080800000, 0x0000000080900000, 0x0000000080900000|100%| O|  |TAMS 0x0000000080900000, 0x0000000080800000| Untracked 
|   9|0x0000000080900000, 0x0000000080a00000, 0x0000000080a00000|100%| O|  |TAMS 0x0000000080a00000, 0x0000000080900000| Untracked 
|  10|0x0000000080a00000, 0x0000000080a8a000, 0x0000000080b00000| 53%| O|  |TAMS 0x0000000080a8a000, 0x0000000080a00000| Untracked 
|  11|0x0000000080b00000, 0x0000000080c00000, 0x0000000080c00000|100%| O|  |TAMS 0x0000000080c00000, 0x0000000080b00000| Untracked 
|  12|0x0000000080c00000, 0x0000000080d00000, 0x0000000080d00000|100%| O|  |TAMS 0x0000000080d00000, 0x0000000080c00000| Untracked 
|  13|0x0000000080d00000, 0x0000000080e00000, 0x0000000080e00000|100%| O|  |TAMS 0x0000000080e00000, 0x0000000080d00000| Untracked 
|  14|0x0000000080e00000, 0x0000000080f00000, 0x0000000080f00000|100%| O|  |TAMS 0x0000000080f00000, 0x0000000080e00000| Untracked 
|  15|0x0000000080f00000, 0x0000000081000000, 0x0000000081000000|100%| O|  |TAMS 0x0000000081000000, 0x0000000080f00000| Untracked 
|  16|0x0000000081000000, 0x0000000081100000, 0x0000000081100000|100%| O|  |TAMS 0x0000000081100000, 0x0000000081000000| Untracked 
|  17|0x0000000081100000, 0x0000000081200000, 0x0000000081200000|100%| O|  |TAMS 0x0000000081200000, 0x0000000081100000| Untracked 
|  18|0x0000000081200000, 0x0000000081300000, 0x0000000081300000|100%| O|  |TAMS 0x0000000081300000, 0x0000000081200000| Untracked 
|  19|0x0000000081300000, 0x0000000081400000, 0x0000000081400000|100%| O|  |TAMS 0x0000000081400000, 0x0000000081300000| Untracked 
|  20|0x0000000081400000, 0x0000000081400000, 0x0000000081500000|  0%| F|  |TAMS 0x0000000081400000, 0x0000000081400000| Untracked 
|  21|0x0000000081500000, 0x0000000081600000, 0x0000000081600000|100%| O|  |TAMS 0x0000000081600000, 0x0000000081500000| Untracked 
|  22|0x0000000081600000, 0x0000000081700000, 0x0000000081700000|100%| O|  |TAMS 0x0000000081700000, 0x0000000081600000| Untracked 
|  23|0x0000000081700000, 0x0000000081800000, 0x0000000081800000|100%| O|  |TAMS 0x0000000081800000, 0x0000000081700000| Untracked 
|  24|0x0000000081800000, 0x0000000081900000, 0x0000000081900000|100%| O|  |TAMS 0x0000000081900000, 0x0000000081800000| Untracked 
|  25|0x0000000081900000, 0x0000000081a00000, 0x0000000081a00000|100%| O|  |TAMS 0x0000000081a00000, 0x0000000081900000| Untracked 
|  26|0x0000000081a00000, 0x0000000081b00000, 0x0000000081b00000|100%| O|  |TAMS 0x0000000081b00000, 0x0000000081a00000| Untracked 
|  27|0x0000000081b00000, 0x0000000081c00000, 0x0000000081c00000|100%| O|  |TAMS 0x0000000081c00000, 0x0000000081b00000| Untracked 
|  28|0x0000000081c00000, 0x0000000081d00000, 0x0000000081d00000|100%| O|  |TAMS 0x0000000081d00000, 0x0000000081c00000| Untracked 
|  29|0x0000000081d00000, 0x0000000081e00000, 0x0000000081e00000|100%| O|  |TAMS 0x0000000081e00000, 0x0000000081d00000| Untracked 
|  30|0x0000000081e00000, 0x0000000081f00000, 0x0000000081f00000|100%| O|  |TAMS 0x0000000081f00000, 0x0000000081e00000| Untracked 
|  31|0x0000000081f00000, 0x0000000082000000, 0x0000000082000000|100%| O|  |TAMS 0x0000000082000000, 0x0000000081f00000| Untracked 
|  32|0x0000000082000000, 0x0000000082100000, 0x0000000082100000|100%| O|  |TAMS 0x0000000082100000, 0x0000000082000000| Untracked 
|  33|0x0000000082100000, 0x0000000082200000, 0x0000000082200000|100%| O|  |TAMS 0x0000000082200000, 0x0000000082100000| Untracked 
|  34|0x0000000082200000, 0x0000000082300000, 0x0000000082300000|100%| O|  |TAMS 0x0000000082300000, 0x0000000082200000| Untracked 
|  35|0x0000000082300000, 0x0000000082400000, 0x0000000082400000|100%| O|  |TAMS 0x0000000082400000, 0x0000000082300000| Untracked 
|  36|0x0000000082400000, 0x0000000082500000, 0x0000000082500000|100%| O|  |TAMS 0x0000000082500000, 0x0000000082400000| Untracked 
|  37|0x0000000082500000, 0x0000000082600000, 0x0000000082600000|100%| O|  |TAMS 0x0000000082600000, 0x0000000082500000| Untracked 
|  38|0x0000000082600000, 0x0000000082700000, 0x0000000082700000|100%| O|  |TAMS 0x0000000082700000, 0x0000000082600000| Untracked 
|  39|0x0000000082700000, 0x0000000082800000, 0x0000000082800000|100%| O|  |TAMS 0x0000000082800000, 0x0000000082700000| Untracked 
|  40|0x0000000082800000, 0x0000000082900000, 0x0000000082900000|100%| O|  |TAMS 0x0000000082900000, 0x0000000082800000| Untracked 
|  41|0x0000000082900000, 0x0000000082a00000, 0x0000000082a00000|100%| O|  |TAMS 0x0000000082a00000, 0x0000000082900000| Untracked 
|  42|0x0000000082a00000, 0x0000000082b00000, 0x0000000082b00000|100%| O|  |TAMS 0x0000000082b00000, 0x0000000082a00000| Untracked 
|  43|0x0000000082b00000, 0x0000000082c00000, 0x0000000082c00000|100%|HS|  |TAMS 0x0000000082c00000, 0x0000000082b00000| Complete 
|  44|0x0000000082c00000, 0x0000000082d00000, 0x0000000082d00000|100%|HC|  |TAMS 0x0000000082d00000, 0x0000000082c00000| Complete 
|  45|0x0000000082d00000, 0x0000000082e00000, 0x0000000082e00000|100%|HS|  |TAMS 0x0000000082e00000, 0x0000000082d00000| Complete 
|  46|0x0000000082e00000, 0x0000000082f00000, 0x0000000082f00000|100%|HC|  |TAMS 0x0000000082f00000, 0x0000000082e00000| Complete 
|  47|0x0000000082f00000, 0x0000000083000000, 0x0000000083000000|100%|HS|  |TAMS 0x0000000083000000, 0x0000000082f00000| Complete 
|  48|0x0000000083000000, 0x0000000083100000, 0x0000000083100000|100%|HC|  |TAMS 0x0000000083100000, 0x0000000083000000| Complete 
|  49|0x0000000083100000, 0x0000000083200000, 0x0000000083200000|100%|HC|  |TAMS 0x0000000083200000, 0x0000000083100000| Complete 
|  50|0x0000000083200000, 0x0000000083300000, 0x0000000083300000|100%|HC|  |TAMS 0x0000000083300000, 0x0000000083200000| Complete 
|  51|0x0000000083300000, 0x0000000083400000, 0x0000000083400000|100%| O|  |TAMS 0x0000000083400000, 0x0000000083300000| Untracked 
|  52|0x0000000083400000, 0x0000000083500000, 0x0000000083500000|100%| O|  |TAMS 0x0000000083500000, 0x0000000083400000| Untracked 
|  53|0x0000000083500000, 0x0000000083600000, 0x0000000083600000|100%| O|  |TAMS 0x0000000083600000, 0x0000000083500000| Untracked 
|  54|0x0000000083600000, 0x0000000083700000, 0x0000000083700000|100%| O|  |TAMS 0x0000000083700000, 0x0000000083600000| Untracked 
|  55|0x0000000083700000, 0x0000000083800000, 0x0000000083800000|100%| O|  |TAMS 0x0000000083800000, 0x0000000083700000| Untracked 
|  56|0x0000000083800000, 0x0000000083900000, 0x0000000083900000|100%|HS|  |TAMS 0x0000000083900000, 0x0000000083800000| Complete 
|  57|0x0000000083900000, 0x0000000083a00000, 0x0000000083a00000|100%|HC|  |TAMS 0x0000000083a00000, 0x0000000083900000| Complete 
|  58|0x0000000083a00000, 0x0000000083b00000, 0x0000000083b00000|100%|HC|  |TAMS 0x0000000083b00000, 0x0000000083a00000| Complete 
|  59|0x0000000083b00000, 0x0000000083c00000, 0x0000000083c00000|100%|HC|  |TAMS 0x0000000083c00000, 0x0000000083b00000| Complete 
|  60|0x0000000083c00000, 0x0000000083d00000, 0x0000000083d00000|100%| O|  |TAMS 0x0000000083d00000, 0x0000000083c00000| Untracked 
|  61|0x0000000083d00000, 0x0000000083e00000, 0x0000000083e00000|100%| O|  |TAMS 0x0000000083e00000, 0x0000000083d00000| Untracked 
|  62|0x0000000083e00000, 0x0000000083f00000, 0x0000000083f00000|100%| O|  |TAMS 0x0000000083f00000, 0x0000000083e00000| Untracked 
|  63|0x0000000083f00000, 0x0000000084000000, 0x0000000084000000|100%| O|  |TAMS 0x0000000084000000, 0x0000000083f00000| Untracked 
|  64|0x0000000084000000, 0x0000000084100000, 0x0000000084100000|100%| O|  |TAMS 0x0000000084100000, 0x0000000084000000| Untracked 
|  65|0x0000000084100000, 0x0000000084200000, 0x0000000084200000|100%| O|  |TAMS 0x0000000084155e00, 0x0000000084100000| Untracked 
|  66|0x0000000084200000, 0x0000000084300000, 0x0000000084300000|100%|HS|  |TAMS 0x0000000084300000, 0x0000000084200000| Complete 
|  67|0x0000000084300000, 0x0000000084400000, 0x0000000084400000|100%|HS|  |TAMS 0x0000000084400000, 0x0000000084300000| Complete 
|  68|0x0000000084400000, 0x0000000084500000, 0x0000000084500000|100%|HS|  |TAMS 0x0000000084500000, 0x0000000084400000| Complete 
|  69|0x0000000084500000, 0x0000000084600000, 0x0000000084600000|100%|HS|  |TAMS 0x0000000084500000, 0x0000000084500000| Complete 
|  70|0x0000000084600000, 0x0000000084700000, 0x0000000084700000|100%|HS|  |TAMS 0x0000000084700000, 0x0000000084600000| Complete 
|  71|0x0000000084700000, 0x0000000084800000, 0x0000000084800000|100%| O|  |TAMS 0x0000000084700000, 0x0000000084700000| Untracked 
|  72|0x0000000084800000, 0x0000000084900000, 0x0000000084900000|100%| O|  |TAMS 0x0000000084800000, 0x0000000084800000| Untracked 
|  73|0x0000000084900000, 0x0000000084a00000, 0x0000000084a00000|100%| O|  |TAMS 0x0000000084900000, 0x0000000084900000| Untracked 
|  74|0x0000000084a00000, 0x0000000084b00000, 0x0000000084b00000|100%| O|  |TAMS 0x0000000084a00000, 0x0000000084a00000| Untracked 
|  75|0x0000000084b00000, 0x0000000084c00000, 0x0000000084c00000|100%| O|  |TAMS 0x0000000084b00000, 0x0000000084b00000| Untracked 
|  76|0x0000000084c00000, 0x0000000084d00000, 0x0000000084d00000|100%| O|  |TAMS 0x0000000084c00000, 0x0000000084c00000| Untracked 
|  77|0x0000000084d00000, 0x0000000084e00000, 0x0000000084e00000|100%| O|  |TAMS 0x0000000084d00000, 0x0000000084d00000| Untracked 
|  78|0x0000000084e00000, 0x0000000084f00000, 0x0000000084f00000|100%| O|  |TAMS 0x0000000084e00000, 0x0000000084e00000| Untracked 
|  79|0x0000000084f00000, 0x0000000085000000, 0x0000000085000000|100%| O|  |TAMS 0x0000000084f00000, 0x0000000084f00000| Untracked 
|  80|0x0000000085000000, 0x0000000085100000, 0x0000000085100000|100%| O|  |TAMS 0x0000000085000000, 0x0000000085000000| Untracked 
|  81|0x0000000085100000, 0x0000000085200000, 0x0000000085200000|100%| O|  |TAMS 0x0000000085100000, 0x0000000085100000| Untracked 
|  82|0x0000000085200000, 0x0000000085300000, 0x0000000085300000|100%| O|  |TAMS 0x0000000085200000, 0x0000000085200000| Untracked 
|  83|0x0000000085300000, 0x0000000085400000, 0x0000000085400000|100%| O|  |TAMS 0x0000000085300000, 0x0000000085300000| Untracked 
|  84|0x0000000085400000, 0x0000000085500000, 0x0000000085500000|100%| O|  |TAMS 0x0000000085400000, 0x0000000085400000| Untracked 
|  85|0x0000000085500000, 0x0000000085600000, 0x0000000085600000|100%| O|  |TAMS 0x0000000085500000, 0x0000000085500000| Untracked 
|  86|0x0000000085600000, 0x0000000085700000, 0x0000000085700000|100%| O|  |TAMS 0x0000000085600000, 0x0000000085600000| Untracked 
|  87|0x0000000085700000, 0x0000000085800000, 0x0000000085800000|100%| O|  |TAMS 0x0000000085700000, 0x0000000085700000| Untracked 
|  88|0x0000000085800000, 0x0000000085900000, 0x0000000085900000|100%| O|  |TAMS 0x0000000085800000, 0x0000000085800000| Untracked 
|  89|0x0000000085900000, 0x0000000085a00000, 0x0000000085a00000|100%| O|  |TAMS 0x0000000085900000, 0x0000000085900000| Untracked 
|  90|0x0000000085a00000, 0x0000000085b00000, 0x0000000085b00000|100%| O|  |TAMS 0x0000000085a00000, 0x0000000085a00000| Untracked 
|  91|0x0000000085b00000, 0x0000000085c00000, 0x0000000085c00000|100%| O|  |TAMS 0x0000000085b00000, 0x0000000085b00000| Untracked 
|  92|0x0000000085c00000, 0x0000000085d00000, 0x0000000085d00000|100%| O|  |TAMS 0x0000000085c00000, 0x0000000085c00000| Untracked 
|  93|0x0000000085d00000, 0x0000000085e00000, 0x0000000085e00000|100%| O|  |TAMS 0x0000000085d00000, 0x0000000085d00000| Untracked 
|  94|0x0000000085e00000, 0x0000000085f00000, 0x0000000085f00000|100%| O|  |TAMS 0x0000000085e00000, 0x0000000085e00000| Untracked 
|  95|0x0000000085f00000, 0x0000000086000000, 0x0000000086000000|100%| O|  |TAMS 0x0000000085f00000, 0x0000000085f00000| Untracked 
|  96|0x0000000086000000, 0x0000000086100000, 0x0000000086100000|100%| O|  |TAMS 0x0000000086000000, 0x0000000086000000| Untracked 
|  97|0x0000000086100000, 0x0000000086200000, 0x0000000086200000|100%| O|  |TAMS 0x0000000086100000, 0x0000000086100000| Untracked 
|  98|0x0000000086200000, 0x0000000086300000, 0x0000000086300000|100%| O|  |TAMS 0x0000000086200000, 0x0000000086200000| Untracked 
|  99|0x0000000086300000, 0x000000008634aa00, 0x0000000086400000| 29%| O|  |TAMS 0x0000000086300000, 0x0000000086300000| Untracked 
| 100|0x0000000086400000, 0x0000000086400000, 0x0000000086500000|  0%| F|  |TAMS 0x0000000086400000, 0x0000000086400000| Untracked 
| 101|0x0000000086500000, 0x0000000086500000, 0x0000000086600000|  0%| F|  |TAMS 0x0000000086500000, 0x0000000086500000| Untracked 
| 102|0x0000000086600000, 0x0000000086600000, 0x0000000086700000|  0%| F|  |TAMS 0x0000000086600000, 0x0000000086600000| Untracked 
| 103|0x0000000086700000, 0x0000000086700000, 0x0000000086800000|  0%| F|  |TAMS 0x0000000086700000, 0x0000000086700000| Untracked 
| 104|0x0000000086800000, 0x0000000086800000, 0x0000000086900000|  0%| F|  |TAMS 0x0000000086800000, 0x0000000086800000| Untracked 
| 105|0x0000000086900000, 0x0000000086900000, 0x0000000086a00000|  0%| F|  |TAMS 0x0000000086900000, 0x0000000086900000| Untracked 
| 106|0x0000000086a00000, 0x0000000086a00000, 0x0000000086b00000|  0%| F|  |TAMS 0x0000000086a00000, 0x0000000086a00000| Untracked 
| 107|0x0000000086b00000, 0x0000000086b00000, 0x0000000086c00000|  0%| F|  |TAMS 0x0000000086b00000, 0x0000000086b00000| Untracked 
| 108|0x0000000086c00000, 0x0000000086c00000, 0x0000000086d00000|  0%| F|  |TAMS 0x0000000086c00000, 0x0000000086c00000| Untracked 
| 109|0x0000000086d00000, 0x0000000086d00000, 0x0000000086e00000|  0%| F|  |TAMS 0x0000000086d00000, 0x0000000086d00000| Untracked 
| 110|0x0000000086e00000, 0x0000000086e00000, 0x0000000086f00000|  0%| F|  |TAMS 0x0000000086e00000, 0x0000000086e00000| Untracked 
| 111|0x0000000086f00000, 0x0000000086f00000, 0x0000000087000000|  0%| F|  |TAMS 0x0000000086f00000, 0x0000000086f00000| Untracked 
| 112|0x0000000087000000, 0x0000000087000000, 0x0000000087100000|  0%| F|  |TAMS 0x0000000087000000, 0x0000000087000000| Untracked 
| 113|0x0000000087100000, 0x0000000087100000, 0x0000000087200000|  0%| F|  |TAMS 0x0000000087100000, 0x0000000087100000| Untracked 
| 114|0x0000000087200000, 0x0000000087200000, 0x0000000087300000|  0%| F|  |TAMS 0x0000000087200000, 0x0000000087200000| Untracked 
| 115|0x0000000087300000, 0x0000000087300000, 0x0000000087400000|  0%| F|  |TAMS 0x0000000087300000, 0x0000000087300000| Untracked 
| 116|0x0000000087400000, 0x0000000087400000, 0x0000000087500000|  0%| F|  |TAMS 0x0000000087400000, 0x0000000087400000| Untracked 
| 117|0x0000000087500000, 0x0000000087500000, 0x0000000087600000|  0%| F|  |TAMS 0x0000000087500000, 0x0000000087500000| Untracked 
| 118|0x0000000087600000, 0x0000000087600000, 0x0000000087700000|  0%| F|  |TAMS 0x0000000087600000, 0x0000000087600000| Untracked 
| 119|0x0000000087700000, 0x0000000087700000, 0x0000000087800000|  0%| F|  |TAMS 0x0000000087700000, 0x0000000087700000| Untracked 
| 120|0x0000000087800000, 0x0000000087800000, 0x0000000087900000|  0%| F|  |TAMS 0x0000000087800000, 0x0000000087800000| Untracked 
| 121|0x0000000087900000, 0x0000000087900000, 0x0000000087a00000|  0%| F|  |TAMS 0x0000000087900000, 0x0000000087900000| Untracked 
| 122|0x0000000087a00000, 0x0000000087a00000, 0x0000000087b00000|  0%| F|  |TAMS 0x0000000087a00000, 0x0000000087a00000| Untracked 
| 123|0x0000000087b00000, 0x0000000087b00000, 0x0000000087c00000|  0%| F|  |TAMS 0x0000000087b00000, 0x0000000087b00000| Untracked 
| 124|0x0000000087c00000, 0x0000000087c00000, 0x0000000087d00000|  0%| F|  |TAMS 0x0000000087c00000, 0x0000000087c00000| Untracked 
| 125|0x0000000087d00000, 0x0000000087d00000, 0x0000000087e00000|  0%| F|  |TAMS 0x0000000087d00000, 0x0000000087d00000| Untracked 
| 126|0x0000000087e00000, 0x0000000087e00000, 0x0000000087f00000|  0%| F|  |TAMS 0x0000000087e00000, 0x0000000087e00000| Untracked 
| 127|0x0000000087f00000, 0x0000000087f00000, 0x0000000088000000|  0%| F|  |TAMS 0x0000000087f00000, 0x0000000087f00000| Untracked 
| 128|0x0000000088000000, 0x0000000088000000, 0x0000000088100000|  0%| F|  |TAMS 0x0000000088000000, 0x0000000088000000| Untracked 
| 129|0x0000000088100000, 0x0000000088100000, 0x0000000088200000|  0%| F|  |TAMS 0x0000000088100000, 0x0000000088100000| Untracked 
| 130|0x0000000088200000, 0x0000000088200000, 0x0000000088300000|  0%| F|  |TAMS 0x0000000088200000, 0x0000000088200000| Untracked 
| 131|0x0000000088300000, 0x0000000088300000, 0x0000000088400000|  0%| F|  |TAMS 0x0000000088300000, 0x0000000088300000| Untracked 
| 132|0x0000000088400000, 0x0000000088400000, 0x0000000088500000|  0%| F|  |TAMS 0x0000000088400000, 0x0000000088400000| Untracked 
| 133|0x0000000088500000, 0x0000000088500000, 0x0000000088600000|  0%| F|  |TAMS 0x0000000088500000, 0x0000000088500000| Untracked 
| 134|0x0000000088600000, 0x0000000088600000, 0x0000000088700000|  0%| F|  |TAMS 0x0000000088600000, 0x0000000088600000| Untracked 
| 135|0x0000000088700000, 0x0000000088700000, 0x0000000088800000|  0%| F|  |TAMS 0x0000000088700000, 0x0000000088700000| Untracked 
| 136|0x0000000088800000, 0x0000000088800000, 0x0000000088900000|  0%| F|  |TAMS 0x0000000088800000, 0x0000000088800000| Untracked 
| 137|0x0000000088900000, 0x0000000088900000, 0x0000000088a00000|  0%| F|  |TAMS 0x0000000088900000, 0x0000000088900000| Untracked 
| 138|0x0000000088a00000, 0x0000000088a6ff20, 0x0000000088b00000| 43%| S|CS|TAMS 0x0000000088a00000, 0x0000000088a00000| Complete 
| 139|0x0000000088b00000, 0x0000000088c00000, 0x0000000088c00000|100%| S|CS|TAMS 0x0000000088b00000, 0x0000000088b00000| Complete 
| 140|0x0000000088c00000, 0x0000000088d00000, 0x0000000088d00000|100%| S|CS|TAMS 0x0000000088c00000, 0x0000000088c00000| Complete 
| 141|0x0000000088d00000, 0x0000000088e00000, 0x0000000088e00000|100%| S|CS|TAMS 0x0000000088d00000, 0x0000000088d00000| Complete 
| 142|0x0000000088e00000, 0x0000000088e00000, 0x0000000088f00000|  0%| F|  |TAMS 0x0000000088e00000, 0x0000000088e00000| Untracked 
| 143|0x0000000088f00000, 0x0000000088f00000, 0x0000000089000000|  0%| F|  |TAMS 0x0000000088f00000, 0x0000000088f00000| Untracked 
| 144|0x0000000089000000, 0x0000000089000000, 0x0000000089100000|  0%| F|  |TAMS 0x0000000089000000, 0x0000000089000000| Untracked 
| 145|0x0000000089100000, 0x0000000089100000, 0x0000000089200000|  0%| F|  |TAMS 0x0000000089100000, 0x0000000089100000| Untracked 
| 146|0x0000000089200000, 0x0000000089200000, 0x0000000089300000|  0%| F|  |TAMS 0x0000000089200000, 0x0000000089200000| Untracked 
| 147|0x0000000089300000, 0x0000000089300000, 0x0000000089400000|  0%| F|  |TAMS 0x0000000089300000, 0x0000000089300000| Untracked 
| 148|0x0000000089400000, 0x0000000089400000, 0x0000000089500000|  0%| F|  |TAMS 0x0000000089400000, 0x0000000089400000| Untracked 
| 149|0x0000000089500000, 0x0000000089500000, 0x0000000089600000|  0%| F|  |TAMS 0x0000000089500000, 0x0000000089500000| Untracked 
| 150|0x0000000089600000, 0x0000000089600000, 0x0000000089700000|  0%| F|  |TAMS 0x0000000089600000, 0x0000000089600000| Untracked 
| 151|0x0000000089700000, 0x0000000089700000, 0x0000000089800000|  0%| F|  |TAMS 0x0000000089700000, 0x0000000089700000| Untracked 
| 152|0x0000000089800000, 0x0000000089800000, 0x0000000089900000|  0%| F|  |TAMS 0x0000000089800000, 0x0000000089800000| Untracked 
| 153|0x0000000089900000, 0x0000000089900000, 0x0000000089a00000|  0%| F|  |TAMS 0x0000000089900000, 0x0000000089900000| Untracked 
| 154|0x0000000089a00000, 0x0000000089a00000, 0x0000000089b00000|  0%| F|  |TAMS 0x0000000089a00000, 0x0000000089a00000| Untracked 
| 155|0x0000000089b00000, 0x0000000089b00000, 0x0000000089c00000|  0%| F|  |TAMS 0x0000000089b00000, 0x0000000089b00000| Untracked 
| 156|0x0000000089c00000, 0x0000000089c00000, 0x0000000089d00000|  0%| F|  |TAMS 0x0000000089c00000, 0x0000000089c00000| Untracked 
| 157|0x0000000089d00000, 0x0000000089d00000, 0x0000000089e00000|  0%| F|  |TAMS 0x0000000089d00000, 0x0000000089d00000| Untracked 
| 158|0x0000000089e00000, 0x0000000089e00000, 0x0000000089f00000|  0%| F|  |TAMS 0x0000000089e00000, 0x0000000089e00000| Untracked 
| 159|0x0000000089f00000, 0x0000000089f00000, 0x000000008a000000|  0%| F|  |TAMS 0x0000000089f00000, 0x0000000089f00000| Untracked 
| 160|0x000000008a000000, 0x000000008a000000, 0x000000008a100000|  0%| F|  |TAMS 0x000000008a000000, 0x000000008a000000| Untracked 
| 161|0x000000008a100000, 0x000000008a100000, 0x000000008a200000|  0%| F|  |TAMS 0x000000008a100000, 0x000000008a100000| Untracked 
| 162|0x000000008a200000, 0x000000008a200000, 0x000000008a300000|  0%| F|  |TAMS 0x000000008a200000, 0x000000008a200000| Untracked 
| 163|0x000000008a300000, 0x000000008a300000, 0x000000008a400000|  0%| F|  |TAMS 0x000000008a300000, 0x000000008a300000| Untracked 
| 164|0x000000008a400000, 0x000000008a400000, 0x000000008a500000|  0%| F|  |TAMS 0x000000008a400000, 0x000000008a400000| Untracked 
| 165|0x000000008a500000, 0x000000008a500000, 0x000000008a600000|  0%| F|  |TAMS 0x000000008a500000, 0x000000008a500000| Untracked 
| 166|0x000000008a600000, 0x000000008a600000, 0x000000008a700000|  0%| F|  |TAMS 0x000000008a600000, 0x000000008a600000| Untracked 
| 167|0x000000008a700000, 0x000000008a700000, 0x000000008a800000|  0%| F|  |TAMS 0x000000008a700000, 0x000000008a700000| Untracked 
| 168|0x000000008a800000, 0x000000008a800000, 0x000000008a900000|  0%| F|  |TAMS 0x000000008a800000, 0x000000008a800000| Untracked 
| 169|0x000000008a900000, 0x000000008a900000, 0x000000008aa00000|  0%| F|  |TAMS 0x000000008a900000, 0x000000008a900000| Untracked 
| 170|0x000000008aa00000, 0x000000008aa00000, 0x000000008ab00000|  0%| F|  |TAMS 0x000000008aa00000, 0x000000008aa00000| Untracked 
| 171|0x000000008ab00000, 0x000000008ab00000, 0x000000008ac00000|  0%| F|  |TAMS 0x000000008ab00000, 0x000000008ab00000| Untracked 
| 172|0x000000008ac00000, 0x000000008ac00000, 0x000000008ad00000|  0%| F|  |TAMS 0x000000008ac00000, 0x000000008ac00000| Untracked 
| 173|0x000000008ad00000, 0x000000008ad00000, 0x000000008ae00000|  0%| F|  |TAMS 0x000000008ad00000, 0x000000008ad00000| Untracked 
| 174|0x000000008ae00000, 0x000000008ae00000, 0x000000008af00000|  0%| F|  |TAMS 0x000000008ae00000, 0x000000008ae00000| Untracked 
| 175|0x000000008af00000, 0x000000008af00000, 0x000000008b000000|  0%| F|  |TAMS 0x000000008af00000, 0x000000008af00000| Untracked 
| 176|0x000000008b000000, 0x000000008b000000, 0x000000008b100000|  0%| F|  |TAMS 0x000000008b000000, 0x000000008b000000| Untracked 
| 177|0x000000008b100000, 0x000000008b100000, 0x000000008b200000|  0%| F|  |TAMS 0x000000008b100000, 0x000000008b100000| Untracked 
| 178|0x000000008b200000, 0x000000008b200000, 0x000000008b300000|  0%| F|  |TAMS 0x000000008b200000, 0x000000008b200000| Untracked 
| 179|0x000000008b300000, 0x000000008b300000, 0x000000008b400000|  0%| F|  |TAMS 0x000000008b300000, 0x000000008b300000| Untracked 
| 180|0x000000008b400000, 0x000000008b400000, 0x000000008b500000|  0%| F|  |TAMS 0x000000008b400000, 0x000000008b400000| Untracked 
| 181|0x000000008b500000, 0x000000008b500000, 0x000000008b600000|  0%| F|  |TAMS 0x000000008b500000, 0x000000008b500000| Untracked 
| 182|0x000000008b600000, 0x000000008b600000, 0x000000008b700000|  0%| F|  |TAMS 0x000000008b600000, 0x000000008b600000| Untracked 
| 183|0x000000008b700000, 0x000000008b700000, 0x000000008b800000|  0%| F|  |TAMS 0x000000008b700000, 0x000000008b700000| Untracked 
| 184|0x000000008b800000, 0x000000008b800000, 0x000000008b900000|  0%| F|  |TAMS 0x000000008b800000, 0x000000008b800000| Untracked 
| 185|0x000000008b900000, 0x000000008b900000, 0x000000008ba00000|  0%| F|  |TAMS 0x000000008b900000, 0x000000008b900000| Untracked 
| 186|0x000000008ba00000, 0x000000008ba00000, 0x000000008bb00000|  0%| F|  |TAMS 0x000000008ba00000, 0x000000008ba00000| Untracked 
| 187|0x000000008bb00000, 0x000000008bb00000, 0x000000008bc00000|  0%| F|  |TAMS 0x000000008bb00000, 0x000000008bb00000| Untracked 
| 188|0x000000008bc00000, 0x000000008bc00000, 0x000000008bd00000|  0%| F|  |TAMS 0x000000008bc00000, 0x000000008bc00000| Untracked 
| 189|0x000000008bd00000, 0x000000008bd00000, 0x000000008be00000|  0%| F|  |TAMS 0x000000008bd00000, 0x000000008bd00000| Untracked 
| 190|0x000000008be00000, 0x000000008be00000, 0x000000008bf00000|  0%| F|  |TAMS 0x000000008be00000, 0x000000008be00000| Untracked 
| 191|0x000000008bf00000, 0x000000008bf00000, 0x000000008c000000|  0%| F|  |TAMS 0x000000008bf00000, 0x000000008bf00000| Untracked 
| 192|0x000000008c000000, 0x000000008c000000, 0x000000008c100000|  0%| F|  |TAMS 0x000000008c000000, 0x000000008c000000| Untracked 
| 193|0x000000008c100000, 0x000000008c100000, 0x000000008c200000|  0%| F|  |TAMS 0x000000008c100000, 0x000000008c100000| Untracked 
| 194|0x000000008c200000, 0x000000008c200000, 0x000000008c300000|  0%| F|  |TAMS 0x000000008c200000, 0x000000008c200000| Untracked 
| 195|0x000000008c300000, 0x000000008c300000, 0x000000008c400000|  0%| F|  |TAMS 0x000000008c300000, 0x000000008c300000| Untracked 
| 196|0x000000008c400000, 0x000000008c400000, 0x000000008c500000|  0%| F|  |TAMS 0x000000008c400000, 0x000000008c400000| Untracked 
| 197|0x000000008c500000, 0x000000008c500000, 0x000000008c600000|  0%| F|  |TAMS 0x000000008c500000, 0x000000008c500000| Untracked 
| 198|0x000000008c600000, 0x000000008c600000, 0x000000008c700000|  0%| F|  |TAMS 0x000000008c600000, 0x000000008c600000| Untracked 
| 199|0x000000008c700000, 0x000000008c700000, 0x000000008c800000|  0%| F|  |TAMS 0x000000008c700000, 0x000000008c700000| Untracked 
| 200|0x000000008c800000, 0x000000008c800000, 0x000000008c900000|  0%| F|  |TAMS 0x000000008c800000, 0x000000008c800000| Untracked 
| 201|0x000000008c900000, 0x000000008c900000, 0x000000008ca00000|  0%| F|  |TAMS 0x000000008c900000, 0x000000008c900000| Untracked 
| 202|0x000000008ca00000, 0x000000008ca00000, 0x000000008cb00000|  0%| F|  |TAMS 0x000000008ca00000, 0x000000008ca00000| Untracked 
| 203|0x000000008cb00000, 0x000000008cb00000, 0x000000008cc00000|  0%| F|  |TAMS 0x000000008cb00000, 0x000000008cb00000| Untracked 
| 204|0x000000008cc00000, 0x000000008cc00000, 0x000000008cd00000|  0%| F|  |TAMS 0x000000008cc00000, 0x000000008cc00000| Untracked 
| 205|0x000000008cd00000, 0x000000008cd00000, 0x000000008ce00000|  0%| F|  |TAMS 0x000000008cd00000, 0x000000008cd00000| Untracked 
| 206|0x000000008ce00000, 0x000000008ce00000, 0x000000008cf00000|  0%| F|  |TAMS 0x000000008ce00000, 0x000000008ce00000| Untracked 
| 207|0x000000008cf00000, 0x000000008cf00000, 0x000000008d000000|  0%| F|  |TAMS 0x000000008cf00000, 0x000000008cf00000| Untracked 
| 208|0x000000008d000000, 0x000000008d000000, 0x000000008d100000|  0%| F|  |TAMS 0x000000008d000000, 0x000000008d000000| Untracked 
| 209|0x000000008d100000, 0x000000008d100000, 0x000000008d200000|  0%| F|  |TAMS 0x000000008d100000, 0x000000008d100000| Untracked 
| 210|0x000000008d200000, 0x000000008d200000, 0x000000008d300000|  0%| F|  |TAMS 0x000000008d200000, 0x000000008d200000| Untracked 
| 211|0x000000008d300000, 0x000000008d300800, 0x000000008d400000|  0%| E|  |TAMS 0x000000008d300000, 0x000000008d300000| Complete 
| 212|0x000000008d400000, 0x000000008d500000, 0x000000008d500000|100%| E|CS|TAMS 0x000000008d400000, 0x000000008d400000| Complete 
| 213|0x000000008d500000, 0x000000008d600000, 0x000000008d600000|100%| E|CS|TAMS 0x000000008d500000, 0x000000008d500000| Complete 
| 214|0x000000008d600000, 0x000000008d700000, 0x000000008d700000|100%| E|CS|TAMS 0x000000008d600000, 0x000000008d600000| Complete 
| 215|0x000000008d700000, 0x000000008d800000, 0x000000008d800000|100%| E|CS|TAMS 0x000000008d700000, 0x000000008d700000| Complete 
| 216|0x000000008d800000, 0x000000008d900000, 0x000000008d900000|100%| E|CS|TAMS 0x000000008d800000, 0x000000008d800000| Complete 
| 217|0x000000008d900000, 0x000000008da00000, 0x000000008da00000|100%| E|CS|TAMS 0x000000008d900000, 0x000000008d900000| Complete 
| 218|0x000000008da00000, 0x000000008db00000, 0x000000008db00000|100%| E|CS|TAMS 0x000000008da00000, 0x000000008da00000| Complete 
| 219|0x000000008db00000, 0x000000008dc00000, 0x000000008dc00000|100%| E|CS|TAMS 0x000000008db00000, 0x000000008db00000| Complete 
| 220|0x000000008dc00000, 0x000000008dd00000, 0x000000008dd00000|100%| E|CS|TAMS 0x000000008dc00000, 0x000000008dc00000| Complete 
| 221|0x000000008dd00000, 0x000000008de00000, 0x000000008de00000|100%| E|CS|TAMS 0x000000008dd00000, 0x000000008dd00000| Complete 
| 222|0x000000008de00000, 0x000000008df00000, 0x000000008df00000|100%| E|CS|TAMS 0x000000008de00000, 0x000000008de00000| Complete 
| 223|0x000000008df00000, 0x000000008e000000, 0x000000008e000000|100%| E|CS|TAMS 0x000000008df00000, 0x000000008df00000| Complete 
| 224|0x000000008e000000, 0x000000008e100000, 0x000000008e100000|100%| E|CS|TAMS 0x000000008e000000, 0x000000008e000000| Complete 
| 225|0x000000008e100000, 0x000000008e200000, 0x000000008e200000|100%| E|CS|TAMS 0x000000008e100000, 0x000000008e100000| Complete 
| 251|0x000000008fb00000, 0x000000008fc00000, 0x000000008fc00000|100%| E|CS|TAMS 0x000000008fb00000, 0x000000008fb00000| Complete 

Card table byte_map: [0x000001c914b10000,0x000001c914f10000] _byte_map_base: 0x000001c914710000

Marking Bits (Prev, Next): (CMBitMap*) 0x000001c919337570, (CMBitMap*) 0x000001c9193375b0
 Prev Bits: [0x000001c915310000, 0x000001c917310000)
 Next Bits: [0x000001c917310000, 0x000001c919310000)

Polling page: 0x000001c901ce0000

Metaspace:

Usage:
  Non-class:     82.87 MB used.
      Class:     13.29 MB used.
       Both:     96.16 MB used.

Virtual space:
  Non-class space:      128.00 MB reserved,      83.38 MB ( 65%) committed,  2 nodes.
      Class space:      416.00 MB reserved,      13.75 MB (  3%) committed,  1 nodes.
             Both:      544.00 MB reserved,      97.12 MB ( 18%) committed. 

Chunk freelists:
   Non-Class:  12.36 MB
       Class:  2.06 MB
        Both:  14.42 MB

MaxMetaspaceSize: 512.00 MB
CompressedClassSpaceSize: 416.00 MB
Initial GC threshold: 21.00 MB
Current GC threshold: 143.75 MB
CDS: off
MetaspaceReclaimPolicy: balanced
 - commit_granule_bytes: 65536.
 - commit_granule_words: 8192.
 - virtual_space_node_default_size: 8388608.
 - enlarge_chunks_in_place: 1.
 - new_chunks_are_fully_committed: 0.
 - uncommit_free_chunks: 1.
 - use_allocation_guard: 0.
 - handle_deallocations: 1.


Internal statistics:

num_allocs_failed_limit: 9.
num_arena_births: 1450.
num_arena_deaths: 0.
num_vsnodes_births: 3.
num_vsnodes_deaths: 0.
num_space_committed: 1554.
num_space_uncommitted: 0.
num_chunks_returned_to_freelist: 9.
num_chunks_taken_from_freelist: 5440.
num_chunk_merges: 9.
num_chunk_splits: 3451.
num_chunks_enlarged: 2100.
num_inconsistent_stats: 0.

CodeHeap 'non-profiled nmethods': size=120000Kb used=6858Kb max_used=6858Kb free=113142Kb
 bounds [0x000001c90cc90000, 0x000001c90d350000, 0x000001c9141c0000]
CodeHeap 'profiled nmethods': size=120000Kb used=19209Kb max_used=19209Kb free=100790Kb
 bounds [0x000001c9051c0000, 0x000001c906490000, 0x000001c90c6f0000]
CodeHeap 'non-nmethods': size=5760Kb used=2432Kb max_used=2474Kb free=3327Kb
 bounds [0x000001c90c6f0000, 0x000001c90c970000, 0x000001c90cc90000]
 total_blobs=11212 nmethods=10239 adapters=885
 compilation: enabled
              stopped_count=0, restarted_count=0
 full_count=0

Compilation events (20 events):
Event: 158.774 Thread 0x000001c91c0b3ea0 nmethod 11767 0x000001c906478390 code [0x000001c906478720, 0x000001c906479ed8]
Event: 158.796 Thread 0x000001c91c0b3ea0 11768   !   3       com.sun.beans.introspect.MethodInfo::get (143 bytes)
Event: 158.801 Thread 0x000001c924f94e00 nmethod 11759 0x000001c90d33fe90 code [0x000001c90d340040, 0x000001c90d340998]
Event: 158.801 Thread 0x000001c924f94e00 11766       4       java.util.stream.Nodes$SpinedNodeBuilder::accept (29 bytes)
Event: 158.802 Thread 0x000001c91c0b3ea0 nmethod 11768 0x000001c90647a610 code [0x000001c90647a880, 0x000001c90647b4b8]
Event: 158.817 Thread 0x000001c924f94e00 nmethod 11766 0x000001c90d340c90 code [0x000001c90d340e40, 0x000001c90d341628]
Event: 158.817 Thread 0x000001c924f94e00 11769 %     4       org.codehaus.groovy.runtime.metaclass.MetaMethodIndex::resize @ 20 (103 bytes)
Event: 158.818 Thread 0x000001c91c0b3ea0 11770       3       org.codehaus.groovy.runtime.metaclass.MetaMethodIndex::copyNonPrivateNonNewMetaMethods (24 bytes)
Event: 158.819 Thread 0x000001c91c0b3ea0 nmethod 11770 0x000001c90647b990 code [0x000001c90647bb40, 0x000001c90647bd68]
Event: 158.834 Thread 0x000001c91c0b3ea0 11771       3       org.codehaus.groovy.runtime.metaclass.MetaMethodIndex::copyNonPrivateMethods (24 bytes)
Event: 158.835 Thread 0x000001c91c0b3ea0 nmethod 11771 0x000001c90647be90 code [0x000001c90647c040, 0x000001c90647c268]
Event: 158.836 Thread 0x000001c924f94e00 nmethod 11769% 0x000001c90d341910 code [0x000001c90d341aa0, 0x000001c90d341ff8]
Event: 158.840 Thread 0x000001c91c0b3ea0 11772       3       org.gradle.model.internal.type.ModelType::wrap (219 bytes)
Event: 158.848 Thread 0x000001c91c0b3ea0 nmethod 11772 0x000001c90647c390 code [0x000001c90647c820, 0x000001c90647ea88]
Event: 158.848 Thread 0x000001c91c0b3ea0 11773       3       org.gradle.api.internal.provider.AbstractMinimalProvider::getFactoryId (4 bytes)
Event: 158.849 Thread 0x000001c91c0b3ea0 nmethod 11773 0x000001c90647f310 code [0x000001c90647f4a0, 0x000001c90647f5b8]
Event: 158.849 Thread 0x000001c91c0b3ea0 11774       3       org.gradle.api.internal.provider.ManagedFactories$ProviderManagedFactory::fromState (21 bytes)
Event: 158.850 Thread 0x000001c91c0b3ea0 nmethod 11774 0x000001c90647f690 code [0x000001c90647f8e0, 0x000001c9064801d8]
Event: 158.850 Thread 0x000001c91c0b3ea0 11775       3       org.gradle.api.internal.provider.Providers::ofNullable (13 bytes)
Event: 158.851 Thread 0x000001c91c0b3ea0 nmethod 11775 0x000001c906480510 code [0x000001c906480700, 0x000001c906480c88]

GC Heap History (20 events):
Event: 58.010 GC heap before
{Heap before GC invocations=16 (full 0):
 garbage-first heap   total 86016K, used 68737K [0x0000000080000000, 0x0000000100000000)
  region size 1024K, 31 young (31744K), 4 survivors (4096K)
 Metaspace       used 49275K, committed 49856K, reserved 491520K
  class space    used 6654K, committed 6912K, reserved 425984K
}
Event: 58.021 GC heap after
{Heap after GC invocations=17 (full 0):
 garbage-first heap   total 86016K, used 41978K [0x0000000080000000, 0x0000000100000000)
  region size 1024K, 3 young (3072K), 3 survivors (3072K)
 Metaspace       used 49275K, committed 49856K, reserved 491520K
  class space    used 6654K, committed 6912K, reserved 425984K
}
Event: 59.134 GC heap before
{Heap before GC invocations=17 (full 0):
 garbage-first heap   total 86016K, used 69626K [0x0000000080000000, 0x0000000100000000)
  region size 1024K, 30 young (30720K), 3 survivors (3072K)
 Metaspace       used 52178K, committed 52800K, reserved 491520K
  class space    used 7096K, committed 7424K, reserved 425984K
}
Event: 59.140 GC heap after
{Heap after GC invocations=18 (full 0):
 garbage-first heap   total 86016K, used 42834K [0x0000000080000000, 0x0000000100000000)
  region size 1024K, 2 young (2048K), 2 survivors (2048K)
 Metaspace       used 52178K, committed 52800K, reserved 491520K
  class space    used 7096K, committed 7424K, reserved 425984K
}
Event: 60.019 GC heap before
{Heap before GC invocations=19 (full 0):
 garbage-first heap   total 86016K, used 69458K [0x0000000080000000, 0x0000000100000000)
  region size 1024K, 29 young (29696K), 2 survivors (2048K)
 Metaspace       used 55806K, committed 56384K, reserved 491520K
  class space    used 7605K, committed 7872K, reserved 425984K
}
Event: 60.026 GC heap after
{Heap after GC invocations=20 (full 0):
 garbage-first heap   total 232448K, used 45478K [0x0000000080000000, 0x0000000100000000)
  region size 1024K, 4 young (4096K), 4 survivors (4096K)
 Metaspace       used 55806K, committed 56384K, reserved 491520K
  class space    used 7605K, committed 7872K, reserved 425984K
}
Event: 68.535 GC heap before
{Heap before GC invocations=20 (full 0):
 garbage-first heap   total 232448K, used 193958K [0x0000000080000000, 0x0000000100000000)
  region size 1024K, 136 young (139264K), 4 survivors (4096K)
 Metaspace       used 67586K, committed 68416K, reserved 491520K
  class space    used 9271K, committed 9664K, reserved 425984K
}
Event: 68.552 GC heap after
{Heap after GC invocations=21 (full 0):
 garbage-first heap   total 232448K, used 66910K [0x0000000080000000, 0x0000000100000000)
  region size 1024K, 13 young (13312K), 13 survivors (13312K)
 Metaspace       used 67586K, committed 68416K, reserved 491520K
  class space    used 9271K, committed 9664K, reserved 425984K
}
Event: 73.145 GC heap before
{Heap before GC invocations=21 (full 0):
 garbage-first heap   total 232448K, used 179550K [0x0000000080000000, 0x0000000100000000)
  region size 1024K, 123 young (125952K), 13 survivors (13312K)
 Metaspace       used 75841K, committed 76672K, reserved 557056K
  class space    used 10449K, committed 10880K, reserved 425984K
}
Event: 73.163 GC heap after
{Heap after GC invocations=22 (full 0):
 garbage-first heap   total 232448K, used 72088K [0x0000000080000000, 0x0000000100000000)
  region size 1024K, 6 young (6144K), 6 survivors (6144K)
 Metaspace       used 75841K, committed 76672K, reserved 557056K
  class space    used 10449K, committed 10880K, reserved 425984K
}
Event: 85.449 GC heap before
{Heap before GC invocations=22 (full 0):
 garbage-first heap   total 232448K, used 182680K [0x0000000080000000, 0x0000000100000000)
  region size 1024K, 115 young (117760K), 6 survivors (6144K)
 Metaspace       used 82743K, committed 83648K, reserved 557056K
  class space    used 11559K, committed 11968K, reserved 425984K
}
Event: 85.494 GC heap after
{Heap after GC invocations=23 (full 0):
 garbage-first heap   total 232448K, used 79530K [0x0000000080000000, 0x0000000100000000)
  region size 1024K, 13 young (13312K), 13 survivors (13312K)
 Metaspace       used 82743K, committed 83648K, reserved 557056K
  class space    used 11559K, committed 11968K, reserved 425984K
}
Event: 152.177 GC heap before
{Heap before GC invocations=23 (full 0):
 garbage-first heap   total 232448K, used 172714K [0x0000000080000000, 0x0000000100000000)
  region size 1024K, 101 young (103424K), 13 survivors (13312K)
 Metaspace       used 87151K, committed 88128K, reserved 557056K
  class space    used 12152K, committed 12672K, reserved 425984K
}
Event: 152.191 GC heap after
{Heap after GC invocations=24 (full 0):
 garbage-first heap   total 232448K, used 93869K [0x0000000080000000, 0x0000000100000000)
  region size 1024K, 11 young (11264K), 11 survivors (11264K)
 Metaspace       used 87151K, committed 88128K, reserved 557056K
  class space    used 12152K, committed 12672K, reserved 425984K
}
Event: 155.617 GC heap before
{Heap before GC invocations=25 (full 0):
 garbage-first heap   total 232448K, used 192173K [0x0000000080000000, 0x0000000100000000)
  region size 1024K, 100 young (102400K), 11 survivors (11264K)
 Metaspace       used 92097K, committed 93056K, reserved 557056K
  class space    used 12758K, committed 13248K, reserved 425984K
}
Event: 155.635 GC heap after
{Heap after GC invocations=26 (full 0):
 garbage-first heap   total 232448K, used 100872K [0x0000000080000000, 0x0000000100000000)
  region size 1024K, 6 young (6144K), 6 survivors (6144K)
 Metaspace       used 92097K, committed 93056K, reserved 557056K
  class space    used 12758K, committed 13248K, reserved 425984K
}
Event: 155.742 GC heap before
{Heap before GC invocations=26 (full 0):
 garbage-first heap   total 232448K, used 105992K [0x0000000080000000, 0x0000000100000000)
  region size 1024K, 11 young (11264K), 6 survivors (6144K)
 Metaspace       used 92459K, committed 93504K, reserved 557056K
  class space    used 12795K, committed 13312K, reserved 425984K
}
Event: 155.750 GC heap after
{Heap after GC invocations=27 (full 0):
 garbage-first heap   total 232448K, used 101202K [0x0000000080000000, 0x0000000100000000)
  region size 1024K, 1 young (1024K), 1 survivors (1024K)
 Metaspace       used 92459K, committed 93504K, reserved 557056K
  class space    used 12795K, committed 13312K, reserved 425984K
}
Event: 158.555 GC heap before
{Heap before GC invocations=27 (full 0):
 garbage-first heap   total 232448K, used 187218K [0x0000000080000000, 0x0000000100000000)
  region size 1024K, 85 young (87040K), 1 survivors (1024K)
 Metaspace       used 97739K, committed 98816K, reserved 557056K
  class space    used 13501K, committed 14016K, reserved 425984K
}
Event: 158.563 GC heap after
{Heap after GC invocations=28 (full 0):
 garbage-first heap   total 232448K, used 103698K [0x0000000080000000, 0x0000000100000000)
  region size 1024K, 4 young (4096K), 4 survivors (4096K)
 Metaspace       used 97739K, committed 98816K, reserved 557056K
  class space    used 13501K, committed 14016K, reserved 425984K
}

Dll operation events (16 events):
Event: 0.015 Loaded shared library C:\Users\promise.okere\.vscode\extensions\redhat.java-1.31.0-win32-x64\jre\17.0.11-win32-x86_64\bin\java.dll
Event: 0.163 Loaded shared library C:\Users\promise.okere\.vscode\extensions\redhat.java-1.31.0-win32-x64\jre\17.0.11-win32-x86_64\bin\zip.dll
Event: 0.166 Loaded shared library C:\Users\promise.okere\.vscode\extensions\redhat.java-1.31.0-win32-x64\jre\17.0.11-win32-x86_64\bin\instrument.dll
Event: 0.182 Loaded shared library C:\Users\promise.okere\.vscode\extensions\redhat.java-1.31.0-win32-x64\jre\17.0.11-win32-x86_64\bin\net.dll
Event: 0.186 Loaded shared library C:\Users\promise.okere\.vscode\extensions\redhat.java-1.31.0-win32-x64\jre\17.0.11-win32-x86_64\bin\nio.dll
Event: 0.196 Loaded shared library C:\Users\promise.okere\.vscode\extensions\redhat.java-1.31.0-win32-x64\jre\17.0.11-win32-x86_64\bin\zip.dll
Event: 0.464 Loaded shared library C:\Users\promise.okere\.vscode\extensions\redhat.java-1.31.0-win32-x64\jre\17.0.11-win32-x86_64\bin\jimage.dll
Event: 0.599 Loaded shared library C:\Users\promise.okere\.vscode\extensions\redhat.java-1.31.0-win32-x64\jre\17.0.11-win32-x86_64\bin\verify.dll
Event: 1.083 Loaded shared library C:\Users\promise.okere\.gradle\native\c067742578af261105cb4f569cf0c3c89f3d7b1fecec35dd04571415982c5e48\windows-amd64\native-platform.dll
Event: 1.171 Loaded shared library C:\Users\promise.okere\.gradle\native\38dada09dfb8b06ba9b0570ebf7e218e3eb74d4ef43ca46872605cf95ebc2f47\windows-amd64\native-platform-file-events.dll
Event: 2.855 Loaded shared library C:\Users\promise.okere\.vscode\extensions\redhat.java-1.31.0-win32-x64\jre\17.0.11-win32-x86_64\bin\management.dll
Event: 2.859 Loaded shared library C:\Users\promise.okere\.vscode\extensions\redhat.java-1.31.0-win32-x64\jre\17.0.11-win32-x86_64\bin\management_ext.dll
Event: 3.199 Loaded shared library C:\Users\promise.okere\.vscode\extensions\redhat.java-1.31.0-win32-x64\jre\17.0.11-win32-x86_64\bin\extnet.dll
Event: 3.523 Loaded shared library C:\Users\promise.okere\.vscode\extensions\redhat.java-1.31.0-win32-x64\jre\17.0.11-win32-x86_64\bin\sunmscapi.dll
Event: 87.212 Loaded shared library C:\Users\promise.okere\AppData\Local\Temp\native-platform4183714149670352399dir\native-platform.dll
Event: 90.042 Loaded shared library C:\Users\promise.okere\.vscode\extensions\redhat.java-1.31.0-win32-x64\jre\17.0.11-win32-x86_64\bin\rmi.dll

Deoptimization events (20 events):
Event: 155.820 Thread 0x000001c9213272c0 DEOPT PACKING pc=0x000001c90ce147d8 sp=0x00000067f3af2130
Event: 155.820 Thread 0x000001c9213272c0 DEOPT UNPACKING pc=0x000001c90c7469a3 sp=0x00000067f3af20a8 mode 2
Event: 157.506 Thread 0x000001c9213272c0 Uncommon trap: trap_request=0xffffff45 fr.pc=0x000001c90d2160a4 relative=0x0000000000000ae4
Event: 157.506 Thread 0x000001c9213272c0 Uncommon trap: reason=unstable_if action=reinterpret pc=0x000001c90d2160a4 method=sun.reflect.annotation.AnnotationInvocationHandler.invoke(Ljava/lang/Object;Ljava/lang/reflect/Method;[Ljava/lang/Object;)Ljava/lang/Object; @ 15 c2
Event: 157.506 Thread 0x000001c9213272c0 DEOPT PACKING pc=0x000001c90d2160a4 sp=0x00000067f3af3540
Event: 157.506 Thread 0x000001c9213272c0 DEOPT UNPACKING pc=0x000001c90c7469a3 sp=0x00000067f3af34e0 mode 2
Event: 157.512 Thread 0x000001c9213272c0 Uncommon trap: trap_request=0xffffff45 fr.pc=0x000001c90d31967c relative=0x000000000000497c
Event: 157.512 Thread 0x000001c9213272c0 Uncommon trap: reason=unstable_if action=reinterpret pc=0x000001c90d31967c method=org.gradle.internal.reflect.PropertyAccessorType.of(Ljava/lang/reflect/Method;)Lorg/gradle/internal/reflect/PropertyAccessorType; @ 56 c2
Event: 157.512 Thread 0x000001c9213272c0 DEOPT PACKING pc=0x000001c90d31967c sp=0x00000067f3af3500
Event: 157.512 Thread 0x000001c9213272c0 DEOPT UNPACKING pc=0x000001c90c7469a3 sp=0x00000067f3af3498 mode 2
Event: 157.515 Thread 0x000001c9213272c0 Uncommon trap: trap_request=0xffffff45 fr.pc=0x000001c90d2ac210 relative=0x0000000000000350
Event: 157.515 Thread 0x000001c9213272c0 Uncommon trap: reason=unstable_if action=reinterpret pc=0x000001c90d2ac210 method=org.gradle.internal.reflect.PropertyAccessorType.of(Ljava/lang/reflect/Method;)Lorg/gradle/internal/reflect/PropertyAccessorType; @ 56 c2
Event: 157.515 Thread 0x000001c9213272c0 DEOPT PACKING pc=0x000001c90d2ac210 sp=0x00000067f3af34d0
Event: 157.515 Thread 0x000001c9213272c0 DEOPT UNPACKING pc=0x000001c90c7469a3 sp=0x00000067f3af3498 mode 2
Event: 157.538 Thread 0x000001c9213272c0 Uncommon trap: trap_request=0xffffffde fr.pc=0x000001c90ceb8240 relative=0x0000000000000380
Event: 157.538 Thread 0x000001c9213272c0 Uncommon trap: reason=class_check action=maybe_recompile pc=0x000001c90ceb8240 method=java.lang.StringConcatHelper.stringOf(Ljava/lang/Object;)Ljava/lang/String; @ 5 c2
Event: 157.538 Thread 0x000001c9213272c0 DEOPT PACKING pc=0x000001c90ceb8240 sp=0x00000067f3af18b0
Event: 157.538 Thread 0x000001c9213272c0 DEOPT UNPACKING pc=0x000001c90c7469a3 sp=0x00000067f3af17f0 mode 2
Event: 157.547 Thread 0x000001c9213272c0 DEOPT PACKING pc=0x000001c90599b9e9 sp=0x00000067f3af1c30
Event: 157.547 Thread 0x000001c9213272c0 DEOPT UNPACKING pc=0x000001c90c747143 sp=0x00000067f3af1340 mode 0

Classes unloaded (0 events):
No events

Classes redefined (0 events):
No events

Internal exceptions (20 events):
Event: 157.776 Thread 0x000001c9213272c0 Exception <a 'java/lang/NoSuchMethodError'{0x000000008ac5d378}: static Lorg/jetbrains/kotlin/gradle/plugin/internal/DefaultIdeaSyncDetectorVariantFactory;.<clinit>()V> (0x000000008ac5d378) 
thrown [s\src\hotspot\share\prims\jni.cpp, line 1112]
Event: 157.778 Thread 0x000001c9213272c0 Exception <a 'java/lang/NoSuchMethodError'{0x000000008ac81248}: static Lorg/jetbrains/kotlin/gradle/plugin/internal/DefaultKotlinTestReportCompatibilityHelperVariantFactory;.<clinit>()V> (0x000000008ac81248) 
thrown [s\src\hotspot\share\prims\jni.cpp, line 1112]
Event: 157.779 Thread 0x000001c9213272c0 Exception <a 'java/lang/NoSuchMethodError'{0x000000008aca48d0}: static Lorg/jetbrains/kotlin/gradle/plugin/internal/DefaultMppTestReportHelperVariantFactory;.<clinit>()V> (0x000000008aca48d0) 
thrown [s\src\hotspot\share\prims\jni.cpp, line 1112]
Event: 157.781 Thread 0x000001c9213272c0 Exception <a 'java/lang/NoSuchMethodError'{0x000000008acd1680}: static Lorg/jetbrains/kotlin/gradle/plugin/internal/DefaultConfigurationCacheStartParameterAccessorVariantFactory;.<clinit>()V> (0x000000008acd1680) 
thrown [s\src\hotspot\share\prims\jni.cpp, line 1112]
Event: 157.783 Thread 0x000001c9213272c0 Exception <a 'java/lang/NoSuchMethodError'{0x000000008acf5980}: static Lorg/jetbrains/kotlin/gradle/plugin/internal/MavenPluginConfigurator$DefaultMavenPluginConfiguratorVariantFactory;.<clinit>()V> (0x000000008acf5980) 
thrown [s\src\hotspot\share\prims\jni.cpp, line 1112]
Event: 157.785 Thread 0x000001c9213272c0 Exception <a 'java/lang/NoSuchMethodError'{0x000000008ab18598}: static Lorg/jetbrains/kotlin/gradle/targets/js/nodejs/DefaultUnameExecutorVariantFactory;.<clinit>()V> (0x000000008ab18598) 
thrown [s\src\hotspot\share\prims\jni.cpp, line 1112]
Event: 157.787 Thread 0x000001c9213272c0 Exception <a 'java/lang/NoSuchMethodError'{0x000000008ab3b7b0}: static Lorg/jetbrains/kotlin/gradle/plugin/internal/DefaultBasePluginConfigurationVariantFactory;.<clinit>()V> (0x000000008ab3b7b0) 
thrown [s\src\hotspot\share\prims\jni.cpp, line 1112]
Event: 158.764 Thread 0x000001c9213272c0 Exception <a 'java/lang/ClassNotFoundException'{0x000000008db19970}: org/jetbrains/kotlin/gradle/targets/js/npm/DefaultNpmDependencyExtensionBeanInfo> (0x000000008db19970) 
thrown [s\src\hotspot\share\classfile\systemDictionary.cpp, line 256]
Event: 158.766 Thread 0x000001c9213272c0 Exception <a 'java/lang/ClassNotFoundException'{0x000000008db2aeb8}: org/jetbrains/kotlin/gradle/targets/js/npm/DefaultNpmDependencyExtensionCustomizer> (0x000000008db2aeb8) 
thrown [s\src\hotspot\share\classfile\systemDictionary.cpp, line 256]
Event: 158.784 Thread 0x000001c9213272c0 Exception <a 'java/lang/ClassNotFoundException'{0x000000008dbc35b8}: org/jetbrains/kotlin/gradle/targets/js/npm/NpmDependencyExtensionKt$defaultNpmDependencyDelegate$1BeanInfo> (0x000000008dbc35b8) 
thrown [s\src\hotspot\share\classfile\systemDictionary.cpp, line 256]
Event: 158.786 Thread 0x000001c9213272c0 Exception <a 'java/lang/ClassNotFoundException'{0x000000008dbd55c8}: org/jetbrains/kotlin/gradle/targets/js/npm/NpmDependencyExtensionDelegateBeanInfo> (0x000000008dbd55c8) 
thrown [s\src\hotspot\share\classfile\systemDictionary.cpp, line 256]
Event: 158.791 Thread 0x000001c9213272c0 Exception <a 'java/lang/ClassNotFoundException'{0x000000008dbe75e0}: org/jetbrains/kotlin/gradle/targets/js/npm/NpmDependencyExtensionDelegateCustomizer> (0x000000008dbe75e0) 
thrown [s\src\hotspot\share\classfile\systemDictionary.cpp, line 256]
Event: 158.801 Thread 0x000001c9213272c0 Exception <a 'java/lang/ClassNotFoundException'{0x000000008da249f0}: org/jetbrains/kotlin/gradle/targets/js/npm/NpmDependencyExtensionKt$defaultNpmDependencyDelegate$1Customizer> (0x000000008da249f0) 
thrown [s\src\hotspot\share\classfile\systemDictionary.cpp, line 256]
Event: 158.806 Thread 0x000001c9213272c0 Exception <a 'java/lang/ClassNotFoundException'{0x000000008da69c60}: org/jetbrains/kotlin/gradle/targets/js/npm/DefaultDevNpmDependencyExtensionBeanInfo> (0x000000008da69c60) 
thrown [s\src\hotspot\share\classfile\systemDictionary.cpp, line 256]
Event: 158.806 Thread 0x000001c9213272c0 Exception <a 'java/lang/ClassNotFoundException'{0x000000008da7b1d8}: org/jetbrains/kotlin/gradle/targets/js/npm/DefaultDevNpmDependencyExtensionCustomizer> (0x000000008da7b1d8) 
thrown [s\src\hotspot\share\classfile\systemDictionary.cpp, line 256]
Event: 158.824 Thread 0x000001c9213272c0 Exception <a 'java/lang/ClassNotFoundException'{0x000000008dacb900}: org/jetbrains/kotlin/gradle/targets/js/npm/DefaultPeerNpmDependencyExtensionBeanInfo> (0x000000008dacb900) 
thrown [s\src\hotspot\share\classfile\systemDictionary.cpp, line 256]
Event: 158.828 Thread 0x000001c9213272c0 Exception <a 'java/lang/ClassNotFoundException'{0x000000008dadceb0}: org/jetbrains/kotlin/gradle/targets/js/npm/DefaultPeerNpmDependencyExtensionCustomizer> (0x000000008dadceb0) 
thrown [s\src\hotspot\share\classfile\systemDictionary.cpp, line 256]
Event: 158.838 Thread 0x000001c9213272c0 Exception <a 'java/lang/ClassNotFoundException'{0x000000008d9370c0}: org/jetbrains/kotlin/gradle/targets/js/npm/DefaultPeerNpmDependencyExtension$delegate$1BeanInfo> (0x000000008d9370c0) 
thrown [s\src\hotspot\share\classfile\systemDictionary.cpp, line 256]
Event: 158.839 Thread 0x000001c9213272c0 Exception <a 'java/lang/ClassNotFoundException'{0x000000008d949358}: org/jetbrains/kotlin/gradle/targets/js/npm/DefaultPeerNpmDependencyExtension$delegate$1Customizer> (0x000000008d949358) 
thrown [s\src\hotspot\share\classfile\systemDictionary.cpp, line 256]
Event: 158.858 Thread 0x000001c9213272c0 Exception <a 'java/lang/NoSuchMethodError'{0x000000008d9f9e20}: static Lorg/jetbrains/kotlin/gradle/plugin/internal/DefaultIdeaSyncDetector$createIdeaPropertiesEvaluator$1;.<clinit>()V> (0x000000008d9f9e20) 
thrown [s\src\hotspot\share\prims\jni.cpp, line 1112]

VM Operations (20 events):
Event: 152.277 Executing VM operation: G1PauseCleanup
Event: 152.278 Executing VM operation: G1PauseCleanup done
Event: 154.284 Executing VM operation: Cleanup
Event: 154.284 Executing VM operation: Cleanup done
Event: 154.541 Executing VM operation: HandshakeAllThreads
Event: 154.542 Executing VM operation: HandshakeAllThreads done
Event: 155.548 Executing VM operation: Cleanup
Event: 155.548 Executing VM operation: Cleanup done
Event: 155.617 Executing VM operation: G1CollectForAllocation
Event: 155.635 Executing VM operation: G1CollectForAllocation done
Event: 155.741 Executing VM operation: G1CollectForAllocation
Event: 155.750 Executing VM operation: G1CollectForAllocation done
Event: 156.763 Executing VM operation: Cleanup
Event: 156.763 Executing VM operation: Cleanup done
Event: 157.509 Executing VM operation: HandshakeAllThreads
Event: 157.509 Executing VM operation: HandshakeAllThreads done
Event: 158.516 Executing VM operation: Cleanup
Event: 158.517 Executing VM operation: Cleanup done
Event: 158.555 Executing VM operation: G1CollectForAllocation
Event: 158.563 Executing VM operation: G1CollectForAllocation done

Events (20 events):
Event: 154.557 loading class java/security/cert/CertPathValidatorException done
Event: 154.557 loading class java/time/format/DateTimePrintContext
Event: 154.557 loading class java/time/format/DateTimePrintContext done
Event: 154.558 loading class java/security/cert/CertPathValidatorException$BasicReason
Event: 154.558 loading class java/security/cert/CertPathValidatorException$Reason
Event: 154.558 loading class java/security/cert/CertPathValidatorException$Reason done
Event: 154.558 loading class java/security/cert/CertPathValidatorException$BasicReason done
Event: 155.132 Thread 0x000001c924f96890 Thread exited: 0x000001c924f96890
Event: 155.133 Thread 0x000001c924f96340 Thread exited: 0x000001c924f96340
Event: 156.315 Thread 0x000001c924f94e00 Thread added: 0x000001c924f94e00
Event: 157.367 Thread 0x000001c924f94e00 Thread exited: 0x000001c924f94e00
Event: 157.409 loading class javax/xml/stream/XMLStreamException
Event: 157.409 loading class javax/xml/stream/XMLStreamException done
Event: 157.519 Thread 0x000001c91c0b6bc0 flushing nmethod 0x000001c90522bb90
Event: 157.530 Thread 0x000001c91c0b6bc0 flushing nmethod 0x000001c905a16690
Event: 157.532 Thread 0x000001c91c0b6bc0 flushing nmethod 0x000001c905c65c10
Event: 157.533 Thread 0x000001c91c0b6bc0 flushing nmethod 0x000001c905dab710
Event: 157.560 Thread 0x000001c924f96890 Thread added: 0x000001c924f96890
Event: 157.813 Thread 0x000001c924f29300 Thread added: 0x000001c924f29300
Event: 158.573 Thread 0x000001c924f94e00 Thread added: 0x000001c924f94e00


Dynamic libraries:
0x00007ff6cc410000 - 0x00007ff6cc41e000 	C:\Users\promise.okere\.vscode\extensions\redhat.java-1.31.0-win32-x64\jre\17.0.11-win32-x86_64\bin\java.exe
0x00007ffd90650000 - 0x00007ffd90867000 	C:\WINDOWS\SYSTEM32\ntdll.dll
0x00007ffd8fa80000 - 0x00007ffd8fb44000 	C:\WINDOWS\System32\KERNEL32.DLL
0x00007ffd8de90000 - 0x00007ffd8e237000 	C:\WINDOWS\System32\KERNELBASE.dll
0x00007ffd8da90000 - 0x00007ffd8dba1000 	C:\WINDOWS\System32\ucrtbase.dll
0x00007ffd75b80000 - 0x00007ffd75b9b000 	C:\Users\promise.okere\.vscode\extensions\redhat.java-1.31.0-win32-x64\jre\17.0.11-win32-x86_64\bin\VCRUNTIME140.dll
0x00007ffd75b60000 - 0x00007ffd75b77000 	C:\Users\promise.okere\.vscode\extensions\redhat.java-1.31.0-win32-x64\jre\17.0.11-win32-x86_64\bin\jli.dll
0x00007ffd8e440000 - 0x00007ffd8e5ee000 	C:\WINDOWS\System32\USER32.dll
0x00007ffd8de60000 - 0x00007ffd8de86000 	C:\WINDOWS\System32\win32u.dll
0x00007ffd8f6c0000 - 0x00007ffd8f6e9000 	C:\WINDOWS\System32\GDI32.dll
0x00007ffd8d970000 - 0x00007ffd8da89000 	C:\WINDOWS\System32\gdi32full.dll
0x00007ffd8dd50000 - 0x00007ffd8ddea000 	C:\WINDOWS\System32\msvcp_win.dll
0x00007ffd65630000 - 0x00007ffd658c3000 	C:\WINDOWS\WinSxS\amd64_microsoft.windows.common-controls_6595b64144ccf1df_6.0.22621.3527_none_270e469b73872a76\COMCTL32.dll
0x00007ffd8e680000 - 0x00007ffd8e727000 	C:\WINDOWS\System32\msvcrt.dll
0x00007ffd90420000 - 0x00007ffd90451000 	C:\WINDOWS\System32\IMM32.DLL
0x00007ffcf8130000 - 0x00007ffcf829b000 	C:\Windows\system32\tmumh\20019\AddOn\8.55.0.1129\TmUmEvt64.dll
0x00007ffd8e670000 - 0x00007ffd8e678000 	C:\WINDOWS\System32\PSAPI.DLL
0x00007ffd8e380000 - 0x00007ffd8e432000 	C:\WINDOWS\System32\ADVAPI32.dll
0x00007ffd8f5b0000 - 0x00007ffd8f658000 	C:\WINDOWS\System32\sechost.dll
0x00007ffd8dd20000 - 0x00007ffd8dd48000 	C:\WINDOWS\System32\bcrypt.dll
0x00007ffd90300000 - 0x00007ffd90415000 	C:\WINDOWS\System32\RPCRT4.dll
0x0000000051300000 - 0x0000000051473000 	C:\Windows\system32\tmumh\20019\TmMon\2.9.0.1048\tmmon64.dll
0x00007ffd75e10000 - 0x00007ffd75e1c000 	C:\Users\promise.okere\.vscode\extensions\redhat.java-1.31.0-win32-x64\jre\17.0.11-win32-x86_64\bin\vcruntime140_1.dll
0x00007ffd42d80000 - 0x00007ffd42e0d000 	C:\Users\promise.okere\.vscode\extensions\redhat.java-1.31.0-win32-x64\jre\17.0.11-win32-x86_64\bin\msvcp140.dll
0x00007ffcfdc30000 - 0x00007ffcfe892000 	C:\Users\promise.okere\.vscode\extensions\redhat.java-1.31.0-win32-x64\jre\17.0.11-win32-x86_64\bin\server\jvm.dll
0x00007ffd8d220000 - 0x00007ffd8d26d000 	C:\WINDOWS\SYSTEM32\POWRPROF.dll
0x00007ffd6fcd0000 - 0x00007ffd6fcd9000 	C:\WINDOWS\SYSTEM32\WSOCK32.dll
0x00007ffd8e5f0000 - 0x00007ffd8e661000 	C:\WINDOWS\System32\WS2_32.dll
0x00007ffd8adc0000 - 0x00007ffd8adf4000 	C:\WINDOWS\SYSTEM32\WINMM.dll
0x00007ffd7a710000 - 0x00007ffd7a71a000 	C:\WINDOWS\SYSTEM32\VERSION.dll
0x00007ffd8d200000 - 0x00007ffd8d213000 	C:\WINDOWS\SYSTEM32\UMPDC.dll
0x00007ffd8c950000 - 0x00007ffd8c968000 	C:\WINDOWS\SYSTEM32\kernel.appcore.dll
0x00007ffd75d00000 - 0x00007ffd75d0a000 	C:\Users\promise.okere\.vscode\extensions\redhat.java-1.31.0-win32-x64\jre\17.0.11-win32-x86_64\bin\jimage.dll
0x00007ffd8ab00000 - 0x00007ffd8ad32000 	C:\WINDOWS\SYSTEM32\DBGHELP.DLL
0x00007ffd8f090000 - 0x00007ffd8f418000 	C:\WINDOWS\System32\combase.dll
0x00007ffd8f420000 - 0x00007ffd8f4f7000 	C:\WINDOWS\System32\OLEAUT32.dll
0x00007ffd8ad80000 - 0x00007ffd8adb2000 	C:\WINDOWS\SYSTEM32\dbgcore.DLL
0x00007ffd8e240000 - 0x00007ffd8e2b9000 	C:\WINDOWS\System32\bcryptPrimitives.dll
0x00007ffd75b20000 - 0x00007ffd75b2e000 	C:\Users\promise.okere\.vscode\extensions\redhat.java-1.31.0-win32-x64\jre\17.0.11-win32-x86_64\bin\instrument.dll
0x00007ffd75560000 - 0x00007ffd75585000 	C:\Users\promise.okere\.vscode\extensions\redhat.java-1.31.0-win32-x64\jre\17.0.11-win32-x86_64\bin\java.dll
0x00007ffd721e0000 - 0x00007ffd721f8000 	C:\Users\promise.okere\.vscode\extensions\redhat.java-1.31.0-win32-x64\jre\17.0.11-win32-x86_64\bin\zip.dll
0x00007ffd8e730000 - 0x00007ffd8ef8c000 	C:\WINDOWS\System32\SHELL32.dll
0x00007ffd8b7b0000 - 0x00007ffd8c0a6000 	C:\WINDOWS\SYSTEM32\windows.storage.dll
0x00007ffd8b670000 - 0x00007ffd8b7ae000 	C:\WINDOWS\SYSTEM32\wintypes.dll
0x00007ffd8ef90000 - 0x00007ffd8f085000 	C:\WINDOWS\System32\SHCORE.dll
0x00007ffd902a0000 - 0x00007ffd902fe000 	C:\WINDOWS\System32\shlwapi.dll
0x00007ffd8d8a0000 - 0x00007ffd8d8c1000 	C:\WINDOWS\SYSTEM32\profapi.dll
0x00007ffd6ca40000 - 0x00007ffd6ca59000 	C:\Users\promise.okere\.vscode\extensions\redhat.java-1.31.0-win32-x64\jre\17.0.11-win32-x86_64\bin\net.dll
0x00007ffd83360000 - 0x00007ffd83496000 	C:\WINDOWS\SYSTEM32\WINHTTP.dll
0x00007ffd8cdb0000 - 0x00007ffd8ce19000 	C:\WINDOWS\system32\mswsock.dll
0x00007ffd5ecc0000 - 0x00007ffd5ecd6000 	C:\Users\promise.okere\.vscode\extensions\redhat.java-1.31.0-win32-x64\jre\17.0.11-win32-x86_64\bin\nio.dll
0x00007ffd75b10000 - 0x00007ffd75b20000 	C:\Users\promise.okere\.vscode\extensions\redhat.java-1.31.0-win32-x64\jre\17.0.11-win32-x86_64\bin\verify.dll
0x00007ffd46db0000 - 0x00007ffd46dd7000 	C:\Users\promise.okere\.gradle\native\c067742578af261105cb4f569cf0c3c89f3d7b1fecec35dd04571415982c5e48\windows-amd64\native-platform.dll
0x00007ffd3d1e0000 - 0x00007ffd3d324000 	C:\Users\promise.okere\.gradle\native\38dada09dfb8b06ba9b0570ebf7e218e3eb74d4ef43ca46872605cf95ebc2f47\windows-amd64\native-platform-file-events.dll
0x00007ffd87860000 - 0x00007ffd87869000 	C:\Users\promise.okere\.vscode\extensions\redhat.java-1.31.0-win32-x64\jre\17.0.11-win32-x86_64\bin\management.dll
0x00007ffd761e0000 - 0x00007ffd761eb000 	C:\Users\promise.okere\.vscode\extensions\redhat.java-1.31.0-win32-x64\jre\17.0.11-win32-x86_64\bin\management_ext.dll
0x00007ffd8d0a0000 - 0x00007ffd8d0bb000 	C:\WINDOWS\SYSTEM32\CRYPTSP.dll
0x00007ffd8c8b0000 - 0x00007ffd8c8e5000 	C:\WINDOWS\system32\rsaenh.dll
0x00007ffd8ce50000 - 0x00007ffd8ce78000 	C:\WINDOWS\SYSTEM32\USERENV.dll
0x00007ffd8d080000 - 0x00007ffd8d08c000 	C:\WINDOWS\SYSTEM32\CRYPTBASE.dll
0x00007ffd8c1d0000 - 0x00007ffd8c1fd000 	C:\WINDOWS\SYSTEM32\IPHLPAPI.DLL
0x00007ffd8f8c0000 - 0x00007ffd8f8c9000 	C:\WINDOWS\System32\NSI.dll
0x00007ffd83140000 - 0x00007ffd83159000 	C:\WINDOWS\SYSTEM32\dhcpcsvc6.DLL
0x00007ffd83050000 - 0x00007ffd8306f000 	C:\WINDOWS\SYSTEM32\dhcpcsvc.DLL
0x00007ffd8c200000 - 0x00007ffd8c2f8000 	C:\WINDOWS\SYSTEM32\DNSAPI.dll
0x00007ffd75740000 - 0x00007ffd75749000 	C:\Users\promise.okere\.vscode\extensions\redhat.java-1.31.0-win32-x64\jre\17.0.11-win32-x86_64\bin\extnet.dll
0x00007ffd761d0000 - 0x00007ffd761de000 	C:\Users\promise.okere\.vscode\extensions\redhat.java-1.31.0-win32-x64\jre\17.0.11-win32-x86_64\bin\sunmscapi.dll
0x00007ffd8dbb0000 - 0x00007ffd8dd18000 	C:\WINDOWS\System32\CRYPT32.dll
0x00007ffd8d2b0000 - 0x00007ffd8d2de000 	C:\WINDOWS\SYSTEM32\ncrypt.dll
0x00007ffd8d270000 - 0x00007ffd8d2a7000 	C:\WINDOWS\SYSTEM32\NTASN1.dll
0x00007ffd5a5c0000 - 0x00007ffd5a5c8000 	C:\WINDOWS\system32\wshunix.dll
0x00007ffd83040000 - 0x00007ffd8304a000 	C:\Windows\System32\rasadhlp.dll
0x00007ffd60a50000 - 0x00007ffd60a67000 	C:\WINDOWS\system32\napinsp.dll
0x00007ffd60a30000 - 0x00007ffd60a4b000 	C:\WINDOWS\system32\pnrpnsp.dll
0x00007ffd60a10000 - 0x00007ffd60a21000 	C:\WINDOWS\System32\winrnr.dll
0x00007ffd7a670000 - 0x00007ffd7a685000 	C:\WINDOWS\system32\wshbth.dll
0x00007ffd609e0000 - 0x00007ffd60a07000 	C:\WINDOWS\system32\nlansp_c.dll
0x00007ffd832d0000 - 0x00007ffd83353000 	C:\WINDOWS\System32\fwpuclnt.dll
0x00007ffd46860000 - 0x00007ffd4687e000 	C:\Users\promise.okere\AppData\Local\Temp\native-platform4183714149670352399dir\native-platform.dll
0x00007ffd76080000 - 0x00007ffd76087000 	C:\Users\promise.okere\.vscode\extensions\redhat.java-1.31.0-win32-x64\jre\17.0.11-win32-x86_64\bin\rmi.dll

dbghelp: loaded successfully - version: 4.0.5 - missing functions: none
symbol engine: initialized successfully - sym options: 0x614 - pdb path: .;C:\Users\promise.okere\.vscode\extensions\redhat.java-1.31.0-win32-x64\jre\17.0.11-win32-x86_64\bin;C:\WINDOWS\SYSTEM32;C:\WINDOWS\WinSxS\amd64_microsoft.windows.common-controls_6595b64144ccf1df_6.0.22621.3527_none_270e469b73872a76;C:\Windows\system32\tmumh\20019\AddOn\8.55.0.1129;C:\Windows\system32\tmumh\20019\TmMon\2.9.0.1048;C:\Users\promise.okere\.vscode\extensions\redhat.java-1.31.0-win32-x64\jre\17.0.11-win32-x86_64\bin\server;C:\Users\promise.okere\.gradle\native\c067742578af261105cb4f569cf0c3c89f3d7b1fecec35dd04571415982c5e48\windows-amd64;C:\Users\promise.okere\.gradle\native\38dada09dfb8b06ba9b0570ebf7e218e3eb74d4ef43ca46872605cf95ebc2f47\windows-amd64;C:\Users\promise.okere\AppData\Local\Temp\native-platform4183714149670352399dir

VM Arguments:
jvm_args: -XX:MaxMetaspaceSize=512m --add-opens=java.base/java.util=ALL-UNNAMED --add-opens=java.base/java.lang=ALL-UNNAMED --add-opens=java.base/java.lang.invoke=ALL-UNNAMED --add-opens=java.prefs/java.util.prefs=ALL-UNNAMED --add-opens=java.base/java.nio.charset=ALL-UNNAMED --add-opens=java.base/java.net=ALL-UNNAMED --add-opens=java.base/java.util.concurrent.atomic=ALL-UNNAMED -Xmx2048m -Dfile.encoding=utf8 -Duser.country=GB -Duser.language=en -Duser.variant -javaagent:C:\Users\promise.okere\.gradle\wrapper\dists\gradle-8.6-all\3mbtmo166bl6vumsh5k2lkq5h\gradle-8.6\lib\agents\gradle-instrumentation-agent-8.6.jar 
java_command: org.gradle.launcher.daemon.bootstrap.GradleDaemon 8.6
java_class_path (initial): C:\Users\promise.okere\.gradle\wrapper\dists\gradle-8.6-all\3mbtmo166bl6vumsh5k2lkq5h\gradle-8.6\lib\gradle-launcher-8.6.jar
Launcher Type: SUN_STANDARD

[Global flags]
     intx CICompilerCount                          = 4                                         {product} {ergonomic}
   size_t CompressedClassSpaceSize                 = 436207616                                 {product} {ergonomic}
     uint ConcGCThreads                            = 3                                         {product} {ergonomic}
     uint G1ConcRefinementThreads                  = 10                                        {product} {ergonomic}
   size_t G1HeapRegionSize                         = 1048576                                   {product} {ergonomic}
    uintx GCDrainStackTargetSize                   = 64                                        {product} {ergonomic}
   size_t InitialHeapSize                          = 264241152                                 {product} {ergonomic}
   size_t MarkStackSize                            = 4194304                                   {product} {ergonomic}
   size_t MaxHeapSize                              = 2147483648                                {product} {command line}
   size_t MaxMetaspaceSize                         = 536870912                                 {product} {command line}
   size_t MaxNewSize                               = 1287651328                                {product} {ergonomic}
   size_t MinHeapDeltaBytes                        = 1048576                                   {product} {ergonomic}
   size_t MinHeapSize                              = 8388608                                   {product} {ergonomic}
    uintx NonNMethodCodeHeapSize                   = 5839372                                {pd product} {ergonomic}
    uintx NonProfiledCodeHeapSize                  = 122909434                              {pd product} {ergonomic}
    uintx ProfiledCodeHeapSize                     = 122909434                              {pd product} {ergonomic}
    uintx ReservedCodeCacheSize                    = 251658240                              {pd product} {ergonomic}
     bool SegmentedCodeCache                       = true                                      {product} {ergonomic}
   size_t SoftMaxHeapSize                          = 2147483648                             {manageable} {ergonomic}
     bool UseCompressedClassPointers               = true                           {product lp64_product} {ergonomic}
     bool UseCompressedOops                        = true                           {product lp64_product} {ergonomic}
     bool UseG1GC                                  = true                                      {product} {ergonomic}
     bool UseLargePagesIndividualAllocation        = false                                  {pd product} {ergonomic}

Logging:
Log output configuration:
 #0: stdout all=warning uptime,level,tags
 #1: stderr all=off uptime,level,tags

Environment Variables:
PATH=C:\Program Files\Common Files\Oracle\Java\javapath;C:\WINDOWS\system32;C:\WINDOWS;C:\WINDOWS\System32\Wbem;C:\WINDOWS\System32\WindowsPowerShell\v1.0\;C:\WINDOWS\System32\OpenSSH\;environmnet variables;C:\Program Files\MySQL\MySQL Server 8.0\bin;C:\Users\promise.okere\AppData\Local\Android\Sdk\platform-tools;C:\Program Files\nodejs\;C:\Program Files\Git\cmd;C:\Program Files\MySQL\MySQL Shell 8.0\bin\;C:\Users\promise.okere\AppData\Local\Microsoft\WindowsApps;C:\Users\promise.okere\AppData\Local\Programs\Microsoft VS Code\bin;C:\Program Files\heroku\bin;C:\Users\promise.okere\AppData\Roaming\npm;C:\Users\promise.okere\OneDrive - Interswitch Limited\Documents\INTERSWITCH\DEV TUTOR\SPRING BOOT\apache-maven-3.9.7-bin\apache-maven-3.9.7\bin;
USERNAME=Promise.Okere
OS=Windows_NT
PROCESSOR_IDENTIFIER=Intel64 Family 6 Model 154 Stepping 4, GenuineIntel
TMP=C:\Users\PROMIS~1.OKE\AppData\Local\Temp
TEMP=C:\Users\PROMIS~1.OKE\AppData\Local\Temp



Periodic native trim disabled


---------------  S Y S T E M  ---------------

OS:
 Windows 11 , 64 bit Build 22621 (10.0.22621.3527)
OS uptime: 18 days 4:54 hours
Hyper-V role detected

CPU: total 12 (initial active 12) (6 cores per cpu, 2 threads per core) family 6 model 154 stepping 4 microcode 0x430, cx8, cmov, fxsr, ht, mmx, 3dnowpref, sse, sse2, sse3, ssse3, sse4.1, sse4.2, popcnt, lzcnt, tsc, tscinvbit, avx, avx2, aes, erms, clmul, bmi1, bmi2, adx, sha, fma, vzeroupper, clflush, clflushopt, clwb, hv
Processor Information for processor 0
  Max Mhz: 1600, Current Mhz: 1600, Mhz Limit: 1600
Processor Information for processor 1
  Max Mhz: 1600, Current Mhz: 1600, Mhz Limit: 1600
Processor Information for processor 2
  Max Mhz: 1600, Current Mhz: 1600, Mhz Limit: 1600
Processor Information for processor 3
  Max Mhz: 1600, Current Mhz: 1600, Mhz Limit: 1600
Processor Information for processor 4
  Max Mhz: 1600, Current Mhz: 1466, Mhz Limit: 1600
Processor Information for processor 5
  Max Mhz: 1600, Current Mhz: 1466, Mhz Limit: 1600
Processor Information for processor 6
  Max Mhz: 1600, Current Mhz: 1466, Mhz Limit: 1600
Processor Information for processor 7
  Max Mhz: 1600, Current Mhz: 1466, Mhz Limit: 1600
Processor Information for processor 8
  Max Mhz: 1600, Current Mhz: 1600, Mhz Limit: 1600
Processor Information for processor 9
  Max Mhz: 1600, Current Mhz: 1600, Mhz Limit: 1600
Processor Information for processor 10
  Max Mhz: 1600, Current Mhz: 1600, Mhz Limit: 1600
Processor Information for processor 11
  Max Mhz: 1600, Current Mhz: 1466, Mhz Limit: 1600

Memory: 4k page, system-wide physical 16049M (1123M free)
TotalPageFile size 28337M (AvailPageFile size 6M)
current process WorkingSet (physical memory assigned to process): 502M, peak: 506M
current process commit charge ("private bytes"): 550M, peak: 552M

vm_info: OpenJDK 64-Bit Server VM (17.0.11+9) for windows-amd64 JRE (17.0.11+9), built on Apr 17 2024 06:07:48 by "admin" with MS VC++ 16.10 / 16.11 (VS2019)

END.
